  0.0000   0.0000  -2.0960   0.5880  -2.0960   0.5880
  0.2372   0.0000  -2.2803   0.5910  -2.2803   0.5910
  0.4745   0.0000  -2.3516   0.5946  -2.3516   0.5946
  0.7118   0.0000  -2.3612   0.5990  -2.3612   0.5990
  0.9490   0.0000  -2.1078   0.6002  -2.1078   0.6002
  1.1862   0.0000  -2.3183   0.5969  -2.3183   0.5969
  1.4235   0.0000  -2.3447   0.6088  -2.3447   0.6088
  1.6608   0.0000  -2.3966   0.6144  -2.3966   0.6144
  1.8980   0.0000  -2.3939   0.6143  -2.3939   0.6143
  2.1353   0.0000  -2.3017   0.6192  -2.3017   0.6192
  2.3725   0.0000  -2.3784   0.6132  -2.3784   0.6132
  2.6098   0.0000  -2.3749   0.6135  -2.3749   0.6135
  2.8470   0.0000  -2.4907   0.6082  -2.4907   0.6082
  3.0842   0.0000  -2.4286   0.5997  -2.4286   0.5997
  3.3215   0.0000  -1.9862   0.6073  -1.9862   0.6073
  3.5587   0.0000  -1.9851   0.6073  -1.9851   0.6073
  3.7960   0.0000  -2.1569   0.6005  -2.1569   0.6005
  4.0332   0.0000  -1.9446   0.5989  -1.9446   0.5989
  4.2705   0.0000  -1.8918   0.5966  -1.8918   0.5966
  4.5078   0.0000  -1.8914   0.5945  -1.8914   0.5945
  4.7450   0.0000  -1.9148   0.5923  -1.9148   0.5923
  4.9823   0.0000  -1.8673   0.5955  -1.8673   0.5955
  5.2195   0.0000  -1.8680   0.5956  -1.8680   0.5956
  5.4567   0.0000  -1.8690   0.5957  -1.8690   0.5957
  5.6940   0.0000  -1.8701   0.5959  -1.8701   0.5959
  5.9313   0.0000  -1.8715   0.5962  -1.8715   0.5962
  6.1685   0.0000  -1.8730   0.5964  -1.8730   0.5964
  6.4057   0.0000  -1.8746   0.5967  -1.8746   0.5967
  6.6430   0.0000  -1.8009   0.5891  -1.8009   0.5891
  6.8802   0.0000  -2.0395   0.5906  -2.0395   0.5906
  7.1175   0.0000  -1.9721   0.5952  -1.9721   0.5952
  7.3548   0.0000  -1.8102   0.5896  -1.8102   0.5896
  7.5920   0.0000  -1.8023   0.5961  -1.8023   0.5961
  7.8292   0.0000  -1.8013   0.5957  -1.8013   0.5957
  8.0665   0.0000  -1.8004   0.5954  -1.8004   0.5954
  8.3038   0.0000  -1.7996   0.5951  -1.7996   0.5951
  8.5410   0.0000  -1.7989   0.5948  -1.7989   0.5948
  8.7782   0.0000  -1.7983   0.5946  -1.7983   0.5946
  9.0155   0.0000  -1.7979   0.5944  -1.7979   0.5944
  9.2528   0.0000  -1.7976   0.5943  -1.7976   0.5943
  9.4900   0.0000  -1.7975   0.5943  -1.7975   0.5943
  0.0000   0.1500  -1.8675   0.5542  -1.8675   0.5542
  0.2372   0.1500  -2.3111   0.5553  -2.3111   0.5553
  0.4745   0.1500  -2.3772   0.5587  -2.3772   0.5587
  0.7118   0.1500  -2.3933   0.5634  -2.3933   0.5634
  0.9490   0.1500  -2.1947   0.5664  -2.1947   0.5664
  1.1862   0.1500  -2.3711   0.5639  -2.3711   0.5639
  1.4235   0.1500  -2.3930   0.5913  -2.3930   0.5913
  1.6608   0.1500  -2.4355   0.5955  -2.4355   0.5955
  1.8980   0.1500  -2.4277   0.5952  -2.4277   0.5952
  2.1353   0.1500  -2.3391   0.5994  -2.3391   0.5994
  2.3725   0.1500  -2.4007   0.5948  -2.4007   0.5948
  2.6098   0.1500  -2.4979   0.5910  -2.4979   0.5910
  2.8470   0.1500  -2.4887   0.5919  -2.4887   0.5919
  3.0842   0.1500  -2.1585   0.5799  -2.1585   0.5799
  3.3215   0.1500  -1.9399   0.5916  -1.9399   0.5916
  3.5587   0.1500  -1.9369   0.5918  -1.9369   0.5918
  3.7960   0.1500  -2.0901   0.5863  -2.0901   0.5863
  4.0332   0.1500  -1.8977   0.5853  -1.8977   0.5853
  4.2705   0.1500  -1.8494   0.5838  -1.8494   0.5838
  4.5078   0.1500  -1.8481   0.5824  -1.8481   0.5824
  4.7450   0.1500  -1.8694   0.5811  -1.8694   0.5811
  4.9823   0.1500  -1.8282   0.5865  -1.8282   0.5865
  5.2195   0.1500  -1.8302   0.5869  -1.8302   0.5869
  5.4567   0.1500  -1.8329   0.5874  -1.8329   0.5874
  5.6940   0.1500  -1.8362   0.5881  -1.8362   0.5881
  5.9313   0.1500  -1.8399   0.5888  -1.8399   0.5888
  6.1685   0.1500  -1.8440   0.5896  -1.8440   0.5896
  6.4057   0.1500  -1.8483   0.5904  -1.8483   0.5904
  6.6430   0.1500  -1.7678   0.5801  -1.7678   0.5801
  6.8802   0.1500  -1.9871   0.5813  -1.9871   0.5813
  7.1175   0.1500  -1.9259   0.5851  -1.9259   0.5851
  7.3548   0.1500  -1.6616   0.5797  -1.6616   0.5797
  7.5920   0.1500  -1.7841   0.5884  -1.7841   0.5884
  7.8292   0.1500  -1.7815   0.5872  -1.7815   0.5872
  8.0665   0.1500  -1.7791   0.5861  -1.7791   0.5861
  8.3038   0.1500  -1.7769   0.5851  -1.7769   0.5851
  8.5410   0.1500  -1.7750   0.5842  -1.7750   0.5842
  8.7782   0.1500  -1.7734   0.5834  -1.7734   0.5834
  9.0155   0.1500  -1.7722   0.5828  -1.7722   0.5828
  9.2528   0.1500  -1.7715   0.5824  -1.7715   0.5824
  9.4900   0.1500  -1.7712   0.5823  -1.7712   0.5823
  0.0000   0.3000  -2.0559   0.4327  -2.0559   0.4327
  0.2372   0.3000  -2.2668   0.4361  -2.2668   0.4361
  0.4745   0.3000  -2.4036   0.4513  -2.4036   0.4513
  0.7118   0.3000  -2.4410   0.4688  -2.4410   0.4688
  0.9490   0.3000  -2.4515   0.4834  -2.4515   0.4834
  1.1862   0.3000  -2.4785   0.4954  -2.4785   0.4954
  1.4235   0.3000  -2.5089   0.5438  -2.5089   0.5438
  1.6608   0.3000  -2.4912   0.5418  -2.4912   0.5418
  1.8980   0.3000  -2.5021   0.5442  -2.5021   0.5442
  2.1353   0.3000  -2.4111   0.5476  -2.4111   0.5476
  2.3725   0.3000  -2.4312   0.5467  -2.4312   0.5467
  2.6098   0.3000  -2.4817   0.5470  -2.4817   0.5470
  2.8470   0.3000  -2.3004   0.5483  -2.3004   0.5483
  3.0842   0.3000  -1.8792   0.5486  -1.8792   0.5486
  3.3215   0.3000  -2.0322   0.5508  -2.0322   0.5508
  3.5587   0.3000  -1.8422   0.5535  -1.8422   0.5535
  3.7960   0.3000  -1.9560   0.5509  -1.9560   0.5509
  4.0332   0.3000  -1.8014   0.5514  -1.8014   0.5514
  4.2705   0.3000  -1.7605   0.5517  -1.7605   0.5517
  4.5078   0.3000  -1.7730   0.5506  -1.7730   0.5506
  4.7450   0.3000  -1.7429   0.5608  -1.7429   0.5608
  4.9823   0.3000  -1.7469   0.5619  -1.7469   0.5619
  5.2195   0.3000  -1.7535   0.5636  -1.7535   0.5636
  5.4567   0.3000  -1.7621   0.5659  -1.7621   0.5659
  5.6940   0.3000  -1.7722   0.5685  -1.7722   0.5685
  5.9313   0.3000  -1.7831   0.5713  -1.7831   0.5713
  6.1685   0.3000  -1.7944   0.5741  -1.7944   0.5741
  6.4057   0.3000  -1.8056   0.5768  -1.8056   0.5768
  6.6430   0.3000  -1.7550   0.5637  -1.7550   0.5637
  6.8802   0.3000  -1.9059   0.5640  -1.9059   0.5640
  7.1175   0.3000  -1.8551   0.5664  -1.8551   0.5664
  7.3548   0.3000  -1.6252   0.5621  -1.6252   0.5621
  7.5920   0.3000  -1.7525   0.5722  -1.7525   0.5722
  7.8292   0.3000  -1.7459   0.5684  -1.7459   0.5684
  8.0665   0.3000  -1.7395   0.5644  -1.7395   0.5644
  8.3038   0.3000  -1.7332   0.5603  -1.7332   0.5603
  8.5410   0.3000  -1.7275   0.5563  -1.7275   0.5563
  8.7782   0.3000  -1.7226   0.5527  -1.7226   0.5527
  9.0155   0.3000  -1.7188   0.5498  -1.7188   0.5498
  9.2528   0.3000  -1.7163   0.5479  -1.7163   0.5479
  9.4900   0.3000  -1.7155   0.5472  -1.7155   0.5472
  0.0000   0.4500  -1.8987   0.3280  -1.8987   0.3280
  0.2372   0.4500  -1.8855   0.3440  -1.8855   0.3440
  0.4745   0.4500  -2.2092   0.3596  -2.2092   0.3596
  0.7118   0.4500  -2.3523   0.3769  -2.3523   0.3769
  0.9490   0.4500  -2.5018   0.3813  -2.5018   0.3813
  1.1862   0.4500  -2.6469   0.3733  -2.6469   0.3733
  1.4235   0.4500  -2.8210   0.3793  -2.8210   0.3793
  1.6608   0.4500  -2.7766   0.3701  -2.7766   0.3701
  1.8980   0.4500  -2.6642   0.3808  -2.6642   0.3808
  2.1353   0.4500  -2.4838   0.3954  -2.4838   0.3954
  2.3725   0.4500  -2.3544   0.4059  -2.3544   0.4059
  2.6098   0.4500  -2.2794   0.4176  -2.2794   0.4176
  2.8470   0.4500  -2.1357   0.4346  -2.1357   0.4346
  3.0842   0.4500  -1.7615   0.4431  -1.7615   0.4431
  3.3215   0.4500  -1.8035   0.4547  -1.8035   0.4547
  3.5587   0.4500  -1.6869   0.4623  -1.6869   0.4623
  3.7960   0.4500  -1.7186   0.4638  -1.7186   0.4638
  4.0332   0.4500  -1.6171   0.4629  -1.6171   0.4629
  4.2705   0.4500  -1.5753   0.4608  -1.5753   0.4608
  4.5078   0.4500  -1.5620   0.4716  -1.5620   0.4716
  4.7450   0.4500  -1.5678   0.4743  -1.5678   0.4743
  4.9823   0.4500  -1.5873   0.4831  -1.5873   0.4831
  5.2195   0.4500  -1.6159   0.4956  -1.6159   0.4956
  5.4567   0.4500  -1.6487   0.5090  -1.6487   0.5090
  5.6940   0.4500  -1.6819   0.5219  -1.6819   0.5219
  5.9313   0.4500  -1.7132   0.5335  -1.7132   0.5335
  6.1685   0.4500  -1.7415   0.5435  -1.7415   0.5435
  6.4057   0.4500  -1.7665   0.5521  -1.7665   0.5521
  6.6430   0.4500  -1.7132   0.5400  -1.7132   0.5400
  6.8802   0.4500  -1.7646   0.5394  -1.7646   0.5394
  7.1175   0.4500  -1.7848   0.5406  -1.7848   0.5406
  7.3548   0.4500  -1.7248   0.5551  -1.7248   0.5551
  7.5920   0.4500  -1.7114   0.5464  -1.7114   0.5464
  7.8292   0.4500  -1.6967   0.5359  -1.6967   0.5359
  8.0665   0.4500  -1.6808   0.5231  -1.6808   0.5231
  8.3038   0.4500  -1.6640   0.5075  -1.6640   0.5075
  8.5410   0.4500  -1.6465   0.4887  -1.6465   0.4887
  8.7782   0.4500  -1.6293   0.4669  -1.6293   0.4669
  9.0155   0.4500  -1.6136   0.4435  -1.6136   0.4435
  9.2528   0.4500  -1.6020   0.4233  -1.6020   0.4233
  9.4900   0.4500  -1.5975   0.4148  -1.5975   0.4148
  0.0000   0.6000  -1.3345   0.3103  -1.3345   0.3103
  0.2372   0.6000  -1.3512   0.3307  -1.3512   0.3307
  0.4745   0.6000  -1.6044   0.3488  -1.6044   0.3488
  0.7118   0.6000  -1.7436   0.3645  -1.7436   0.3645
  0.9490   0.6000  -1.8932   0.3643  -1.8932   0.3643
  1.1862   0.6000  -2.0265   0.3511  -2.0265   0.3511
  1.4235   0.6000  -2.2330   0.3402  -2.2330   0.3402
  1.6608   0.6000  -2.1766   0.3287  -2.1766   0.3287
  1.8980   0.6000  -2.0869   0.3309  -2.0869   0.3309
  2.1353   0.6000  -1.9846   0.3306  -1.9846   0.3306
  2.3725   0.6000  -1.8890   0.3236  -1.8890   0.3236
  2.6098   0.6000  -1.8252   0.3255  -1.8252   0.3255
  2.8470   0.6000  -1.8135   0.3501  -1.8135   0.3501
  3.0842   0.6000  -1.8127   0.3871  -1.8127   0.3871
  3.3215   0.6000  -1.7236   0.3877  -1.7236   0.3877
  3.5587   0.6000  -1.6826   0.3929  -1.6826   0.3929
  3.7960   0.6000  -1.6457   0.3822  -1.6457   0.3822
  4.0332   0.6000  -1.5842   0.3535  -1.5842   0.3535
  4.2705   0.6000  -1.5300   0.3076  -1.5300   0.3076
  4.5078   0.6000  -1.4828   0.2655  -1.4828   0.2655
  4.7450   0.6000  -1.5150   0.2969  -1.5150   0.2969
  4.9823   0.6000  -1.5853   0.3569  -1.5853   0.3569
  5.2195   0.6000  -1.6503   0.4064  -1.6503   0.4064
  5.4567   0.6000  -1.7032   0.4446  -1.7032   0.4446
  5.6940   0.6000  -1.7451   0.4742  -1.7451   0.4742
  5.9313   0.6000  -1.7781   0.4973  -1.7781   0.4973
  6.1685   0.6000  -1.8043   0.5155  -1.8043   0.5155
  6.4057   0.6000  -1.8250   0.5301  -1.8250   0.5301
  6.6430   0.6000  -1.8415   0.5418  -1.8415   0.5418
  6.8802   0.6000  -1.7867   0.5215  -1.7867   0.5215
  7.1175   0.6000  -1.7923   0.5224  -1.7923   0.5224
  7.3548   0.6000  -1.7127   0.5411  -1.7127   0.5411
  7.5920   0.6000  -1.6940   0.5295  -1.6940   0.5295
  7.8292   0.6000  -1.6728   0.5152  -1.6728   0.5152
  8.0665   0.6000  -1.6491   0.4976  -1.6491   0.4976
  8.3038   0.6000  -1.6230   0.4759  -1.6230   0.4759
  8.5410   0.6000  -1.5952   0.4493  -1.5952   0.4493
  8.7782   0.6000  -1.5668   0.4173  -1.5668   0.4173
  9.0155   0.6000  -1.5404   0.3819  -1.5404   0.3819
  9.2528   0.6000  -1.5202   0.3498  -1.5202   0.3498
  9.4900   0.6000  -1.5122   0.3356  -1.5122   0.3356
  0.0000   0.7500  -1.1785   0.3103  -1.1785   0.3103
  0.2372   0.7500  -1.1898   0.3306  -1.1898   0.3306
  0.4745   0.7500  -1.1975   0.3543  -1.1975   0.3543
  0.7118   0.7500  -1.2763   0.3632  -1.2763   0.3632
  0.9490   0.7500  -1.3266   0.3616  -1.3266   0.3616
  1.1862   0.7500  -1.4730   0.3492  -1.4730   0.3492
  1.4235   0.7500  -1.5482   0.3331  -1.5482   0.3331
  1.6608   0.7500  -1.4818   0.3213  -1.4818   0.3213
  1.8980   0.7500  -1.5047   0.3239  -1.5047   0.3239
  2.1353   0.7500  -1.5483   0.3221  -1.5483   0.3221
  2.3725   0.7500  -1.6181   0.3098  -1.6181   0.3098
  2.6098   0.7500  -1.7002   0.3092  -1.7002   0.3092
  2.8470   0.7500  -1.7319   0.3384  -1.7319   0.3384
  3.0842   0.7500  -1.7439   0.3801  -1.7439   0.3801
  3.3215   0.7500  -1.8971   0.3848  -1.8971   0.3848
  3.5587   0.7500  -1.9256   0.3906  -1.9256   0.3906
  3.7960   0.7500  -1.9993   0.3806  -1.9993   0.3806
  4.0332   0.7500  -2.0781   0.3528  -2.0781   0.3528
  4.2705   0.7500  -2.1982   0.3115  -2.1982   0.3115
  4.5078   0.7500  -2.2312   0.2655  -2.2312   0.2655
  4.7450   0.7500  -2.2096   0.2966  -2.2096   0.2966
  4.9823   0.7500  -2.1616   0.3552  -2.1616   0.3552
  5.2195   0.7500  -2.1163   0.4030  -2.1163   0.4030
  5.4567   0.7500  -2.0790   0.4397  -2.0790   0.4397
  5.6940   0.7500  -2.0493   0.4684  -2.0493   0.4684
  5.9313   0.7500  -2.0257   0.4911  -2.0257   0.4911
  6.1685   0.7500  -2.0069   0.5094  -2.0069   0.5094
  6.4057   0.7500  -1.9916   0.5242  -1.9916   0.5242
  6.6430   0.7500  -1.9792   0.5364  -1.9792   0.5364
  6.8802   0.7500  -1.9217   0.5165  -1.9217   0.5165
  7.1175   0.7500  -1.8817   0.5175  -1.8817   0.5175
  7.3548   0.7500  -1.7584   0.5370  -1.7584   0.5370
  7.5920   0.7500  -1.7435   0.5253  -1.7435   0.5253
  7.8292   0.7500  -1.7255   0.5111  -1.7255   0.5111
  8.0665   0.7500  -1.7040   0.4936  -1.7040   0.4936
  8.3038   0.7500  -1.6789   0.4720  -1.6789   0.4720
  8.5410   0.7500  -1.6501   0.4453  -1.6501   0.4453
  8.7782   0.7500  -1.6189   0.4127  -1.6189   0.4127
  9.0155   0.7500  -1.5879   0.3751  -1.5879   0.3751
  9.2528   0.7500  -1.5630   0.3389  -1.5630   0.3389
  9.4900   0.7500  -1.5529   0.3220  -1.5529   0.3220
  0.0000   0.9000  -1.1620   0.3103  -1.1620   0.3103
  0.2372   0.9000  -1.1927   0.3306  -1.1927   0.3306
  0.4745   0.9000  -1.2615   0.3714  -1.2615   0.3714
  0.7118   0.9000  -1.8665   0.3632  -1.8665   0.3632
  0.9490   0.9000  -2.1268   0.3617  -2.1268   0.3617
  1.1862   0.9000  -2.6842   0.3634  -2.6842   0.3634
  1.4235   0.9000  -2.7383   0.3342  -2.7383   0.3342
  1.6608   0.9000  -2.6324   0.3221  -2.6324   0.3221
  1.8980   0.9000  -2.3971   0.3239  -2.3971   0.3239
  2.1353   0.9000  -2.1562   0.3221  -2.1562   0.3221
  2.3725   0.9000  -1.9188   0.3099  -1.9188   0.3099
  2.6098   0.9000  -1.6178   0.3113  -1.6178   0.3113
  2.8470   0.9000  -1.6443   0.3384  -1.6443   0.3384
  3.0842   0.9000  -1.6914   0.3800  -1.6914   0.3800
  3.3215   0.9000  -1.8715   0.3886  -1.8715   0.3886
  3.5587   0.9000  -2.0166   0.3905  -2.0166   0.3905
  3.7960   0.9000  -2.1120   0.3806  -2.1120   0.3806
  4.0332   0.9000  -2.1994   0.3558  -2.1994   0.3558
  4.2705   0.9000  -2.3273   0.3116  -2.3273   0.3116
  4.5078   0.9000  -2.3383   0.2655  -2.3383   0.2655
  4.7450   0.9000  -2.3315   0.2966  -2.3315   0.2966
  4.9823   0.9000  -2.3100   0.3553  -2.3100   0.3553
  5.2195   0.9000  -2.2793   0.4032  -2.2793   0.4032
  5.4567   0.9000  -2.2441   0.4401  -2.2441   0.4401
  5.6940   0.9000  -2.2077   0.4689  -2.2077   0.4689
  5.9313   0.9000  -2.1723   0.4918  -2.1723   0.4918
  6.1685   0.9000  -2.1392   0.5101  -2.1392   0.5101
  6.4057   0.9000  -2.1092   0.5249  -2.1092   0.5249
  6.6430   0.9000  -2.0823   0.5370  -2.0823   0.5370
  6.8802   0.9000  -2.0750   0.5185  -2.0750   0.5185
  7.1175   0.9000  -2.0800   0.5198  -2.0800   0.5198
  7.3548   0.9000  -1.8749   0.5362  -1.8749   0.5362
  7.5920   0.9000  -1.8804   0.5245  -1.8804   0.5245
  7.8292   0.9000  -1.8863   0.5104  -1.8863   0.5104
  8.0665   0.9000  -1.8925   0.4930  -1.8925   0.4930
  8.3038   0.9000  -1.8989   0.4716  -1.8989   0.4716
  8.5410   0.9000  -1.9050   0.4450  -1.9050   0.4450
  8.7782   0.9000  -1.9100   0.4126  -1.9100   0.4126
  9.0155   0.9000  -1.9125   0.3750  -1.9125   0.3750
  9.2528   0.9000  -1.9119   0.3389  -1.9119   0.3389
  9.4900   0.9000  -1.9106   0.3220  -1.9106   0.3220
  0.0000   1.0500  -2.0517   0.3103  -2.0517   0.3103
  0.2372   1.0500  -2.0498   0.3306  -2.0498   0.3306
  0.4745   1.0500  -2.0419   0.3714  -2.0419   0.3714
  0.7118   1.0500  -2.4607   0.3632  -2.4607   0.3632
  0.9490   1.0500  -2.4964   0.3681  -2.4964   0.3681
  1.1862   1.0500  -2.8180   0.3634  -2.8180   0.3634
  1.4235   1.0500  -2.8510   0.3342  -2.8510   0.3342
  1.6608   1.0500  -2.8554   0.3297  -2.8554   0.3297
  1.8980   1.0500  -2.6113   0.3240  -2.6113   0.3240
  2.1353   1.0500  -2.4521   0.3221  -2.4521   0.3221
  2.3725   1.0500  -2.0523   0.3129  -2.0523   0.3129
  2.6098   1.0500  -2.1211   0.3113  -2.1211   0.3113
  2.8470   1.0500  -2.1235   0.3384  -2.1235   0.3384
  3.0842   1.0500  -2.1234   0.3800  -2.1234   0.3800
  3.3215   1.0500  -2.1183   0.4187  -2.1183   0.4187
  3.5587   1.0500  -2.3408   0.3968  -2.3408   0.3968
  3.7960   1.0500  -2.3798   0.3895  -2.3798   0.3895
  4.0332   1.0500  -2.3940   0.3867  -2.3940   0.3867
  4.2705   1.0500  -2.4454   0.3286  -2.4454   0.3286
  4.5078   1.0500  -2.4775   0.2813  -2.4775   0.2813
  4.7450   1.0500  -2.4567   0.3133  -2.4567   0.3133
  4.9823   1.0500  -2.4072   0.3733  -2.4072   0.3733
  5.2195   1.0500  -2.3547   0.4214  -2.3547   0.4214
  5.4567   1.0500  -2.3052   0.4572  -2.3052   0.4572
  5.6940   1.0500  -2.2599   0.4843  -2.2599   0.4843
  5.9313   1.0500  -2.2189   0.5052  -2.2189   0.5052
  6.1685   1.0500  -2.1819   0.5216  -2.1819   0.5216
  6.4057   1.0500  -2.1488   0.5346  -2.1488   0.5346
  6.6430   1.0500  -2.1193   0.5451  -2.1193   0.5451
  6.8802   1.0500  -2.2362   0.5256  -2.2362   0.5256
  7.1175   1.0500  -2.1523   0.5244  -2.1523   0.5244
  7.3548   1.0500  -1.9948   0.5364  -1.9948   0.5364
  7.5920   1.0500  -2.0197   0.5247  -2.0197   0.5247
  7.8292   1.0500  -2.0479   0.5106  -2.0479   0.5106
  8.0665   1.0500  -2.0795   0.4932  -2.0795   0.4932
  8.3038   1.0500  -2.1147   0.4717  -2.1147   0.4717
  8.5410   1.0500  -2.1536   0.4451  -2.1536   0.4451
  8.7782   1.0500  -2.1956   0.4126  -2.1956   0.4126
  9.0155   1.0500  -2.2381   0.3750  -2.2381   0.3750
  9.2528   1.0500  -2.2742   0.3389  -2.2742   0.3389
  9.4900   1.0500  -2.2898   0.3220  -2.2898   0.3220
  0.0000   1.2000  -3.0421   0.3146  -3.0421   0.3146
  0.2372   1.2000  -3.0011   0.3345  -3.0011   0.3345
  0.4745   1.2000  -2.8986   0.3743  -2.8986   0.3743
  0.7118   1.2000  -2.8875   0.3660  -2.8875   0.3660
  0.9490   1.2000  -2.4835   0.4041  -2.4835   0.4041
  1.1862   1.2000  -2.4814   0.3700  -2.4814   0.3700
  1.4235   1.2000  -2.4776   0.3439  -2.4776   0.3439
  1.6608   1.2000  -2.4769   0.3400  -2.4769   0.3400
  1.8980   1.2000  -2.5458   0.3307  -2.5458   0.3307
  2.1353   1.2000  -2.5788   0.3267  -2.5788   0.3267
  2.3725   1.2000  -2.5710   0.3277  -2.5710   0.3277
  2.6098   1.2000  -2.5853   0.3155  -2.5853   0.3155
  2.8470   1.2000  -2.5537   0.3420  -2.5537   0.3420
  3.0842   1.2000  -2.5018   0.3827  -2.5018   0.3827
  3.3215   1.2000  -2.4493   0.4205  -2.4493   0.4205
  3.5587   1.2000  -2.5813   0.4355  -2.5813   0.4355
  3.7960   1.2000  -2.4827   0.4545  -2.4827   0.4545
  4.0332   1.2000  -2.2461   0.5187  -2.2461   0.5187
  4.2705   1.2000  -2.2562   0.5147  -2.2562   0.5147
  4.5078   1.2000  -2.2602   0.5131  -2.2602   0.5131
  4.7450   1.2000  -2.2578   0.5141  -2.2578   0.5141
  4.9823   1.2000  -2.2492   0.5176  -2.2492   0.5176
  5.2195   1.2000  -2.2353   0.5229  -2.2353   0.5229
  5.4567   1.2000  -2.2174   0.5294  -2.2174   0.5294
  5.6940   1.2000  -2.1969   0.5363  -2.1969   0.5363
  5.9313   1.2000  -2.1749   0.5431  -2.1749   0.5431
  6.1685   1.2000  -2.1523   0.5496  -2.1523   0.5496
  6.4057   1.2000  -2.1300   0.5555  -2.1300   0.5555
  6.6430   1.2000  -2.1084   0.5609  -2.1084   0.5609
  6.8802   1.2000  -2.1937   0.5417  -2.1937   0.5417
  7.1175   1.2000  -2.0355   0.5478  -2.0355   0.5478
  7.3548   1.2000  -2.0661   0.5383  -2.0661   0.5383
  7.5920   1.2000  -2.1000   0.5267  -2.1000   0.5267
  7.8292   1.2000  -2.1371   0.5126  -2.1371   0.5126
  8.0665   1.2000  -2.1769   0.4953  -2.1769   0.4953
  8.3038   1.2000  -2.2185   0.4738  -2.2185   0.4738
  8.5410   1.2000  -2.2601   0.4474  -2.2601   0.4474
  8.7782   1.2000  -2.2990   0.4154  -2.2990   0.4154
  9.0155   1.2000  -2.3311   0.3789  -2.3311   0.3789
  9.2528   1.2000  -2.3520   0.3441  -2.3520   0.3441
  9.4900   1.2000  -2.3591   0.3279  -2.3591   0.3279
  0.0000   1.3500  -3.3345   0.2918  -3.3345   0.2918
  0.2372   1.3500  -3.2496   0.3189  -3.2496   0.3189
  0.4745   1.3500  -3.0700   0.3670  -3.0700   0.3670
  0.7118   1.3500  -3.0466   0.3618  -3.0466   0.3618
  0.9490   1.3500  -2.4592   0.4003  -2.4592   0.4003
  1.1862   1.3500  -2.5188   0.3634  -2.5188   0.3634
  1.4235   1.3500  -2.5622   0.3342  -2.5622   0.3342
  1.6608   1.3500  -2.5685   0.3297  -2.5685   0.3297
  1.8980   1.3500  -2.6744   0.3226  -2.6744   0.3226
  2.1353   1.3500  -2.6982   0.3172  -2.6982   0.3172
  2.3725   1.3500  -2.7066   0.3100  -2.7066   0.3100
  2.6098   1.3500  -2.7009   0.2931  -2.7009   0.2931
  2.8470   1.3500  -2.7103   0.3285  -2.7103   0.3285
  3.0842   1.3500  -2.7016   0.3765  -2.7016   0.3765
  3.3215   1.3500  -2.6641   0.4177  -2.6641   0.4177
  3.5587   1.3500  -2.7930   0.4424  -2.7930   0.4424
  3.7960   1.3500  -2.3380   0.4786  -2.3380   0.4786
  4.0332   1.3500  -2.2413   0.5436  -2.2413   0.5436
  4.2705   1.3500  -2.2498   0.5420  -2.2498   0.5420
  4.5078   1.3500  -2.2531   0.5414  -2.2531   0.5414
  4.7450   1.3500  -2.2511   0.5418  -2.2511   0.5418
  4.9823   1.3500  -2.2438   0.5431  -2.2438   0.5431
  5.2195   1.3500  -2.2319   0.5454  -2.2319   0.5454
  5.4567   1.3500  -2.2160   0.5483  -2.2160   0.5483
  5.6940   1.3500  -2.1971   0.5517  -2.1971   0.5517
  5.9313   1.3500  -2.1763   0.5554  -2.1763   0.5554
  6.1685   1.3500  -2.1544   0.5592  -2.1544   0.5592
  6.4057   1.3500  -2.1323   0.5630  -2.1323   0.5630
  6.6430   1.3500  -2.1106   0.5666  -2.1106   0.5666
  6.8802   1.3500  -2.0897   0.5701  -2.0897   0.5701
  7.1175   1.3500  -2.0452   0.5536  -2.0452   0.5536
  7.3548   1.3500  -2.0782   0.5456  -2.0782   0.5456
  7.5920   1.3500  -2.1155   0.5358  -2.1155   0.5358
  7.8292   1.3500  -2.1577   0.5239  -2.1577   0.5239
  8.0665   1.3500  -2.2052   0.5092  -2.2052   0.5092
  8.3038   1.3500  -2.2583   0.4908  -2.2583   0.4908
  8.5410   1.3500  -2.3172   0.4676  -2.3172   0.4676
  8.7782   1.3500  -2.3810   0.4383  -2.3810   0.4383
  9.0155   1.3500  -2.4466   0.4024  -2.4466   0.4024
  9.2528   1.3500  -2.5039   0.3646  -2.5039   0.3646
  9.4900   1.3500  -2.5296   0.3451  -2.5296   0.3451
  0.0000   1.5000  -1.9416   0.2918  -1.9416   0.2918
  0.2372   1.5000  -1.9269   0.3189  -1.9269   0.3189
  0.4745   1.5000  -1.8963   0.3669  -1.8963   0.3669
  0.7118   1.5000  -1.9604   0.3617  -1.9604   0.3617
  0.9490   1.5000  -2.0132   0.4003  -2.0132   0.4003
  1.1862   1.5000  -1.9851   0.3634  -1.9851   0.3634
  1.4235   1.5000  -1.9641   0.3342  -1.9641   0.3342
  1.6608   1.5000  -1.9610   0.3297  -1.9610   0.3297
  1.8980   1.5000  -2.4673   0.3226  -2.4673   0.3226
  2.1353   1.5000  -2.7771   0.3172  -2.7771   0.3172
  2.3725   1.5000  -3.2452   0.3100  -3.2452   0.3100
  2.6098   1.5000  -3.3005   0.2931  -3.3005   0.2931
  2.8470   1.5000  -3.1816   0.3285  -3.1816   0.3285
  3.0842   1.5000  -3.0050   0.3764  -3.0050   0.3764
  3.3215   1.5000  -2.8438   0.4175  -2.8438   0.4175
  3.5587   1.5000  -2.9283   0.4240  -2.9283   0.4240
  3.7960   1.5000  -2.3705   0.5003  -2.3705   0.5003
  4.0332   1.5000  -2.4110   0.4893  -2.4110   0.4893
  4.2705   1.5000  -2.4402   0.4809  -2.4402   0.4809
  4.5078   1.5000  -2.4525   0.4772  -2.4525   0.4772
  4.7450   1.5000  -2.4450   0.4794  -2.4450   0.4794
  4.9823   1.5000  -2.4196   0.4868  -2.4196   0.4868
  5.2195   1.5000  -2.3814   0.4974  -2.3814   0.4974
  5.4567   1.5000  -2.3364   0.5092  -2.3364   0.5092
  5.6940   1.5000  -2.2896   0.5207  -2.2896   0.5207
  5.9313   1.5000  -2.2441   0.5313  -2.2441   0.5313
  6.1685   1.5000  -2.2018   0.5406  -2.2018   0.5406
  6.4057   1.5000  -2.1634   0.5488  -2.1634   0.5488
  6.6430   1.5000  -2.1291   0.5558  -2.1291   0.5558
  6.8802   1.5000  -2.0989   0.5618  -2.0989   0.5618
  7.1175   1.5000  -1.9757   0.5601  -1.9757   0.5601
  7.3548   1.5000  -1.9998   0.5545  -1.9998   0.5545
  7.5920   1.5000  -2.0258   0.5483  -2.0258   0.5483
  7.8292   1.5000  -2.0533   0.5415  -2.0533   0.5415
  8.0665   1.5000  -2.0818   0.5342  -2.0818   0.5342
  8.3038   1.5000  -2.1102   0.5266  -2.1102   0.5266
  8.5410   1.5000  -2.1373   0.5191  -2.1373   0.5191
  8.7782   1.5000  -2.1613   0.5122  -2.1613   0.5122
  9.0155   1.5000  -2.1804   0.5065  -2.1804   0.5065
  9.2528   1.5000  -2.1928   0.5027  -2.1928   0.5027
  9.4900   1.5000  -2.1972   0.5014  -2.1972   0.5014
  0.0000   1.6500  -0.7116   0.2918  -0.7116   0.2918
  0.2372   1.6500  -0.7537   0.3189  -0.7537   0.3189
  0.4745   1.6500  -0.8447   0.3669  -0.8447   0.3669
  0.7118   1.6500  -1.2096   0.3617  -1.2096   0.3617
  0.9490   1.6500  -1.9491   0.4003  -1.9491   0.4003
  1.1862   1.6500  -1.9229   0.3634  -1.9229   0.3634
  1.4235   1.6500  -1.9058   0.3342  -1.9058   0.3342
  1.6608   1.6500  -1.9034   0.3297  -1.9034   0.3297
  1.8980   1.6500  -1.8556   0.3226  -1.8556   0.3226
  2.1353   1.6500  -1.8337   0.3172  -1.8337   0.3172
  2.3725   1.6500  -1.8725   0.3100  -1.8725   0.3100
  2.6098   1.6500  -1.8430   0.2931  -1.8430   0.2931
  2.8470   1.6500  -1.9054   0.3285  -1.9054   0.3285
  3.0842   1.6500  -1.9890   0.3764  -1.9890   0.3764
  3.3215   1.6500  -2.0520   0.4175  -2.0520   0.4175
  3.5587   1.6500  -2.3090   0.3909  -2.3090   0.3909
  3.7960   1.6500  -2.3929   0.4165  -2.3929   0.4165
  4.0332   1.6500  -2.4885   0.3672  -2.4885   0.3672
  4.2705   1.6500  -2.6029   0.2986  -2.6029   0.2986
  4.5078   1.6500  -2.6956   0.2274  -2.6956   0.2274
  4.7450   1.6500  -2.6323   0.2781  -2.6323   0.2781
  4.9823   1.6500  -2.5156   0.3521  -2.5156   0.3521
  5.2195   1.6500  -2.4148   0.4056  -2.4148   0.4056
  5.4567   1.6500  -2.3340   0.4448  -2.3340   0.4448
  5.6940   1.6500  -2.2701   0.4744  -2.2701   0.4744
  5.9313   1.6500  -2.2193   0.4972  -2.2193   0.4972
  6.1685   1.6500  -2.1789   0.5152  -2.1789   0.5152
  6.4057   1.6500  -2.1465   0.5294  -2.1465   0.5294
  6.6430   1.6500  -2.1205   0.5409  -2.1205   0.5409
  6.8802   1.6500  -2.0994   0.5502  -2.0994   0.5502
  7.1175   1.6500  -1.9049   0.5563  -1.9049   0.5563
  7.3548   1.6500  -1.9198   0.5493  -1.9198   0.5493
  7.5920   1.6500  -1.9371   0.5410  -1.9371   0.5410
  7.8292   1.6500  -1.9568   0.5312  -1.9568   0.5312
  8.0665   1.6500  -1.9792   0.5197  -1.9792   0.5197
  8.3038   1.6500  -2.0042   0.5061  -2.0042   0.5061
  8.5410   1.6500  -2.0313   0.4905  -2.0313   0.4905
  8.7782   1.6500  -2.0591   0.4734  -2.0591   0.4734
  9.0155   1.6500  -2.0847   0.4564  -2.0847   0.4564
  9.2528   1.6500  -2.1037   0.4429  -2.1037   0.4429
  9.4900   1.6500  -2.1110   0.4375  -2.1110   0.4375
  0.0000   1.8000  -0.5192   0.2947  -0.5192   0.2947
  0.2372   1.8000  -0.5581   0.3216  -0.5581   0.3216
  0.4745   1.8000  -0.6426   0.3691  -0.6426   0.3691
  0.7118   1.8000  -1.0608   0.3641  -1.0608   0.3641
  0.9490   1.8000  -1.8287   0.4036  -1.8287   0.4036
  1.1862   1.8000  -1.8222   0.3688  -1.8222   0.3688
  1.4235   1.8000  -1.8193   0.3417  -1.8193   0.3417
  1.6608   1.8000  -1.8190   0.3376  -1.8190   0.3376
  1.8980   1.8000  -1.8911   0.3277  -1.8911   0.3277
  2.1353   1.8000  -1.9430   0.3207  -1.9430   0.3207
  2.3725   1.8000  -1.9992   0.3128  -1.9992   0.3128
  2.6098   1.8000  -2.0171   0.2960  -2.0171   0.2960
  2.8470   1.8000  -1.9796   0.3311  -1.9796   0.3311
  3.0842   1.8000  -1.9313   0.3785  -1.9313   0.3785
  3.3215   1.8000  -1.8982   0.4190  -1.8982   0.4190
  3.5587   1.8000  -1.7821   0.3909  -1.7821   0.3909
  3.7960   1.8000  -1.7609   0.4127  -1.7609   0.4127
  4.0332   1.8000  -1.7100   0.3654  -1.7100   0.3654
  4.2705   1.8000  -1.6472   0.2988  -1.6472   0.2988
  4.5078   1.8000  -1.5956   0.2283  -1.5956   0.2283
  4.7450   1.8000  -1.6309   0.2787  -1.6309   0.2787
  4.9823   1.8000  -1.6953   0.3509  -1.6953   0.3509
  5.2195   1.8000  -1.7494   0.4023  -1.7494   0.4023
  5.4567   1.8000  -1.7908   0.4399  -1.7908   0.4399
  5.6940   1.8000  -1.8215   0.4686  -1.8215   0.4686
  5.9313   1.8000  -1.8441   0.4911  -1.8441   0.4911
  6.1685   1.8000  -1.8606   0.5091  -1.8606   0.5091
  6.4057   1.8000  -1.8728   0.5237  -1.8728   0.5237
  6.6430   1.8000  -1.8817   0.5357  -1.8817   0.5357
  6.8802   1.8000  -1.8883   0.5455  -1.8883   0.5455
  7.1175   1.8000  -1.8167   0.5491  -1.8167   0.5491
  7.3548   1.8000  -1.8118   0.5399  -1.8118   0.5399
  7.5920   1.8000  -1.8071   0.5285  -1.8071   0.5285
  7.8292   1.8000  -1.8031   0.5146  -1.8031   0.5146
  8.0665   1.8000  -1.8005   0.4973  -1.8005   0.4973
  8.3038   1.8000  -1.8003   0.4757  -1.8003   0.4757
  8.5410   1.8000  -1.8039   0.4486  -1.8039   0.4486
  8.7782   1.8000  -1.8129   0.4152  -1.8129   0.4152
  9.0155   1.8000  -1.8285   0.3754  -1.8285   0.3754
  9.2528   1.8000  -1.8478   0.3349  -1.8478   0.3349
  9.4900   1.8000  -1.8583   0.3145  -1.8583   0.3145
  0.0000   1.9500  -0.8702   0.2647  -0.8702   0.2647
  0.2372   1.9500  -0.8819   0.3041  -0.4585   0.2452
  0.4745   1.9500  -0.9084   0.3620  -0.7535   0.3056
  0.7118   1.9500  -1.1524   0.3600  -1.0435   0.3049
  0.9490   1.9500  -1.6607   0.3994  -1.3300   0.3238
  1.1862   1.9500  -1.6159   0.3610  -1.3254   0.3010
  1.4235   1.9500  -1.5853   0.3293  -1.3600   0.2821
  1.6608   1.9500  -1.5810   0.3243  -1.4058   0.2802
  1.8980   1.9500  -1.3598   0.3182  -1.3192   0.2781
  2.1353   1.9500  -1.2530   0.3107  -1.2686   0.2730
  2.3725   1.9500  -1.1613   0.2920  -0.6385   0.2121
  2.6098   1.9500  -1.1319   0.2669  -0.5428   0.1549
  2.8470   1.9500  -1.1939   0.3165  -1.1939   0.3165
  3.0842   1.9500  -1.2846   0.3726  -1.2846   0.3726
  3.3215   1.9500  -1.3721   0.4165  -1.3721   0.4165
  3.5587   1.9500  -1.3077   0.3894  -1.3077   0.3894
  3.7960   1.9500  -1.5193   0.4112  -1.5193   0.4112
  4.0332   1.9500  -1.4726   0.3617  -1.4726   0.3617
  4.2705   1.9500  -1.4281   0.2866  -1.4281   0.2866
  4.5078   1.9500  -1.3940   0.1712  -1.3940   0.1712
  4.7450   1.9500  -1.4179   0.2609  -1.4179   0.2609
  4.9823   1.9500  -1.4611   0.3461  -1.4611   0.3461
  5.2195   1.9500  -1.5076   0.4004  -1.5076   0.4004
  5.4567   1.9500  -1.5540   0.4388  -1.5540   0.4388
  5.6940   1.9500  -1.5981   0.4677  -1.5981   0.4677
  5.9313   1.9500  -1.6384   0.4902  -1.6384   0.4902
  6.1685   1.9500  -1.6743   0.5081  -1.6743   0.5081
  6.4057   1.9500  -1.7055   0.5226  -1.7055   0.5226
  6.6430   1.9500  -1.7322   0.5345  -1.7322   0.5345
  6.8802   1.9500  -1.7550   0.5443  -1.7550   0.5443
  7.1175   1.9500  -1.6321   0.5463  -1.6321   0.5463
  7.3548   1.9500  -1.6090   0.5367  -1.6090   0.5367
  7.5920   1.9500  -1.5815   0.5250  -1.5815   0.5250
  7.8292   1.9500  -1.5485   0.5108  -1.5485   0.5108
  8.0665   1.9500  -1.5093   0.4934  -1.5093   0.4934
  8.3038   1.9500  -1.4628   0.4717  -1.4628   0.4717
  8.5410   1.9500  -1.4088   0.4445  -1.4088   0.4445
  8.7782   1.9500  -1.3476   0.4102  -1.3476   0.4102
  9.0155   1.9500  -1.2826   0.3674  -1.2826   0.3674
  9.2528   1.9500  -1.2235   0.3194  -1.2235   0.3194
  9.4900   1.9500  -1.1955   0.2917  -1.1955   0.2917
  0.0000   2.1000  -0.9873   0.2647  -0.9873   0.2647
  0.2372   2.1000  -0.9812   0.3041  -0.5405   0.2424
  0.4745   2.1000  -0.9748   0.3619  -0.8018   0.3052
  0.7118   2.1000  -1.3428   0.3599  -1.1819   0.3041
  0.9490   2.1000  -1.8071   0.3994  -1.4316   0.3217
  1.1862   2.1000  -1.7950   0.3610  -1.4572   0.2985
  1.4235   2.1000  -1.7832   0.3293  -1.5119   0.2800
  1.6608   2.1000  -1.7813   0.3243  -1.5600   0.2787
  1.8980   2.1000  -1.6341   0.3182  -1.5311   0.2775
  2.1353   2.1000  -1.5583   0.3107  -1.5070   0.2729
  2.3725   2.1000  -1.4154   0.2920  -0.8606   0.2026
  2.6098   2.1000  -1.3907   0.2669  -0.7843   0.1467
  2.8470   2.1000  -1.4414   0.3165  -1.4414   0.3165
  3.0842   2.1000  -1.5055   0.3725  -1.5055   0.3725
  3.3215   2.1000  -1.5584   0.4163  -1.5584   0.4163
  3.5587   2.1000  -1.4576   0.3891  -1.4576   0.3891
  3.7960   2.1000  -1.4985   0.4111  -1.4985   0.4111
  4.0332   2.1000  -1.4602   0.3616  -1.4602   0.3616
  4.2705   2.1000  -1.4151   0.2865  -1.4151   0.2865
  4.5078   2.1000  -1.3711   0.1712  -1.3711   0.1712
  4.7450   2.1000  -1.4029   0.2609  -1.4029   0.2609
  4.9823   2.1000  -1.4495   0.3459  -1.4495   0.3459
  5.2195   2.1000  -1.4895   0.4003  -1.4895   0.4003
  5.4567   2.1000  -1.5234   0.4389  -1.5234   0.4389
  5.6940   2.1000  -1.5527   0.4681  -1.5527   0.4681
  5.9313   2.1000  -1.5781   0.4909  -1.5781   0.4909
  6.1685   2.1000  -1.6005   0.5091  -1.6005   0.5091
  6.4057   2.1000  -1.6201   0.5240  -1.6201   0.5240
  6.6430   2.1000  -1.6374   0.5362  -1.6374   0.5362
  6.8802   2.1000  -1.6525   0.5464  -1.6525   0.5464
  7.1175   2.1000  -1.5877   0.5456  -1.5877   0.5456
  7.3548   2.1000  -1.5643   0.5360  -1.5643   0.5360
  7.5920   2.1000  -1.5378   0.5244  -1.5378   0.5244
  7.8292   2.1000  -1.5079   0.5102  -1.5079   0.5102
  8.0665   2.1000  -1.4743   0.4929  -1.4743   0.4929
  8.3038   2.1000  -1.4370   0.4712  -1.4370   0.4712
  8.5410   2.1000  -1.3959   0.4441  -1.3959   0.4441
  8.7782   2.1000  -1.3510   0.4100  -1.3510   0.4100
  9.0155   2.1000  -1.3035   0.3673  -1.3035   0.3673
  9.2528   2.1000  -1.2588   0.3194  -1.2588   0.3194
  9.4900   2.1000  -1.2367   0.2917  -1.2367   0.2917
  0.0000   2.2500  -0.8454   0.2647  -0.8454   0.2647
  0.2372   2.2500  -0.8623   0.3041  -0.4776   0.2507
  0.4745   2.2500  -0.8903   0.3619  -0.7306   0.3054
  0.7118   2.2500  -1.4382   0.3599  -1.4794   0.3053
  0.9490   2.2500  -2.0572   0.3994  -2.0145   0.3288
  1.1862   2.2500  -2.0925   0.3610  -2.0831   0.3061
  1.4235   2.2500  -2.1208   0.3293  -2.1323   0.2857
  1.6608   2.2500  -2.1251   0.3243  -2.1654   0.2822
  1.8980   2.2500  -2.1598   0.3182  -2.1704   0.2782
  2.1353   2.2500  -2.1821   0.3107  -2.0176   0.2710
  2.3725   2.2500  -2.0916   0.2920  -1.4469   0.1683
  2.6098   2.2500  -2.1395   0.2669  -1.6230   0.1837
  2.8470   2.2500  -2.0404   0.3165  -2.0404   0.3165
  3.0842   2.2500  -1.9094   0.3725  -1.9094   0.3725
  3.3215   2.2500  -1.7974   0.4163  -1.7974   0.4163
  3.5587   2.2500  -1.7815   0.3891  -1.7815   0.3891
  3.7960   2.2500  -1.6482   0.4111  -1.6482   0.4111
  4.0332   2.2500  -1.6698   0.3616  -1.6698   0.3616
  4.2705   2.2500  -1.7053   0.2865  -1.7053   0.2865
  4.5078   2.2500  -1.7479   0.1712  -1.7479   0.1712
  4.7450   2.2500  -1.7164   0.2609  -1.7164   0.2609
  4.9823   2.2500  -1.6773   0.3459  -1.6773   0.3459
  5.2195   2.2500  -1.6524   0.4003  -1.6524   0.4003
  5.4567   2.2500  -1.6392   0.4389  -1.6392   0.4389
  5.6940   2.2500  -1.6343   0.4680  -1.6343   0.4680
  5.9313   2.2500  -1.6350   0.4908  -1.6350   0.4908
  6.1685   2.2500  -1.6393   0.5091  -1.6393   0.5091
  6.4057   2.2500  -1.6456   0.5239  -1.6456   0.5239
  6.6430   2.2500  -1.6531   0.5361  -1.6531   0.5361
  6.8802   2.2500  -1.6611   0.5463  -1.6611   0.5463
  7.1175   2.2500  -1.5073   0.5475  -1.5073   0.5475
  7.3548   2.2500  -1.5003   0.5376  -1.5003   0.5376
  7.5920   2.2500  -1.4935   0.5257  -1.4935   0.5257
  7.8292   2.2500  -1.4876   0.5113  -1.4876   0.5113
  8.0665   2.2500  -1.4834   0.4937  -1.4834   0.4937
  8.3038   2.2500  -1.4819   0.4719  -1.4819   0.4719
  8.5410   2.2500  -1.4846   0.4446  -1.4846   0.4446
  8.7782   2.2500  -1.4933   0.4102  -1.4933   0.4102
  9.0155   2.2500  -1.5092   0.3674  -1.5092   0.3674
  9.2528   2.2500  -1.5300   0.3194  -1.5300   0.3194
  9.4900   2.2500  -1.5422   0.2918  -1.5422   0.2918
  0.0000   2.4000  -1.0575   0.2665  -1.0575   0.2665
  0.2372   2.4000  -1.0454   0.3058  -0.6955   0.2562
  0.4745   2.4000  -1.0272   0.3635  -0.8477   0.3061
  0.7118   2.4000  -1.4630   0.3618  -1.7367   0.3022
  0.9490   2.4000  -1.9616   0.4022  -2.4101   0.3189
  1.1862   2.4000  -1.9641   0.3652  -2.4538   0.2878
  1.4235   2.4000  -1.9628   0.3349  -2.4238   0.2667
  1.6608   2.4000  -1.9624   0.3302  -2.4202   0.2631
  1.8980   2.4000  -1.6725   0.3220  -2.0516   0.2662
  2.1353   2.4000  -1.5121   0.3132  -1.5352   0.2747
  2.3725   2.4000  -1.2044   0.2938  -0.6595   0.2077
  2.6098   2.4000  -1.1861   0.2687  -1.1108   0.2421
  2.8470   2.4000  -1.2240   0.3182  -1.2240   0.3182
  3.0842   2.4000  -1.2740   0.3740  -1.2740   0.3740
  3.3215   2.4000  -1.3163   0.4175  -1.3163   0.4175
  3.5587   2.4000  -1.3973   0.3900  -1.3973   0.3900
  3.7960   2.4000  -1.5019   0.4118  -1.5019   0.4118
  4.0332   2.4000  -1.4880   0.3623  -1.4880   0.3623
  4.2705   2.4000  -1.4640   0.2871  -1.4640   0.2871
  4.5078   2.4000  -1.4345   0.1716  -1.4345   0.1716
  4.7450   2.4000  -1.4564   0.2614  -1.4564   0.2614
  4.9823   2.4000  -1.4830   0.3467  -1.4830   0.3467
  5.2195   2.4000  -1.4992   0.4010  -1.4992   0.4010
  5.4567   2.4000  -1.5074   0.4395  -1.5074   0.4395
  5.6940   2.4000  -1.5102   0.4685  -1.5102   0.4685
  5.9313   2.4000  -1.5099   0.4912  -1.5099   0.4912
  6.1685   2.4000  -1.5080   0.5093  -1.5080   0.5093
  6.4057   2.4000  -1.5054   0.5240  -1.5054   0.5240
  6.6430   2.4000  -1.5026   0.5362  -1.5026   0.5362
  6.8802   2.4000  -1.4999   0.5462  -1.4999   0.5462
  7.1175   2.4000  -1.5177   0.5475  -1.5177   0.5475
  7.3548   2.4000  -1.5111   0.5377  -1.5111   0.5377
  7.5920   2.4000  -1.5037   0.5259  -1.5037   0.5259
  7.8292   2.4000  -1.4953   0.5116  -1.4953   0.5116
  8.0665   2.4000  -1.4856   0.4942  -1.4856   0.4942
  8.3038   2.4000  -1.4742   0.4726  -1.4742   0.4726
  8.5410   2.4000  -1.4604   0.4457  -1.4604   0.4457
  8.7782   2.4000  -1.4438   0.4118  -1.4438   0.4118
  9.0155   2.4000  -1.4244   0.3696  -1.4244   0.3696
  9.2528   2.4000  -1.4047   0.3221  -1.4047   0.3221
  9.4900   2.4000  -1.3945   0.2947  -1.3945   0.2947
  0.0000   2.5500  -0.9427   0.2258  -0.9427   0.2258
  0.2372   2.5500  -0.9682   0.2879  -0.8785   0.2562
  0.4745   2.5500  -1.0016   0.3575  -1.0042   0.3039
  0.7118   2.5500  -1.4330   0.3581  -1.7723   0.2964
  0.9490   2.5500  -1.5935   0.3608  -2.2628   0.2486
  1.1862   2.5500  -1.9518   0.3563  -2.6750   0.2265
  1.4235   2.5500  -1.9737   0.3194  -2.6161   0.2077
  1.6608   2.5500  -1.9773   0.3132  -2.5797   0.2134
  1.8980   2.5500  -1.6303   0.3114  -2.1361   0.2369
  2.1353   2.5500  -1.4042   0.3035  -1.5545   0.2662
  2.3725   2.5500  -1.0119   0.2711  -0.8544   0.2419
  2.6098   2.5500  -1.0009   0.2301  -1.1542   0.2091
  2.8470   2.5500  -1.0235   0.3041  -1.0235   0.3041
  3.0842   2.5500  -1.0566   0.3691  -1.0566   0.3691
  3.3215   2.5500  -1.0915   0.4154  -1.0915   0.4154
  3.5587   2.5500  -1.2561   0.3891  -1.2561   0.3891
  3.7960   2.5500  -1.5077   0.4113  -1.5077   0.4113
  4.0332   2.5500  -1.5278   0.3610  -1.5278   0.3610
  4.2705   2.5500  -1.5586   0.2823  -1.5586   0.2823
  4.5078   2.5500  -1.6031   0.1022  -1.6031   0.1022
  4.7450   2.5500  -1.5683   0.2539  -1.5683   0.2539
  4.9823   2.5500  -1.5343   0.3450  -1.5343   0.3450
  5.2195   2.5500  -1.5119   0.4004  -1.5119   0.4004
  5.4567   2.5500  -1.4979   0.4392  -1.4979   0.4392
  5.6940   2.5500  -1.4898   0.4684  -1.4898   0.4684
  5.9313   2.5500  -1.4854   0.4911  -1.4854   0.4911
  6.1685   2.5500  -1.4833   0.5093  -1.4833   0.5093
  6.4057   2.5500  -1.4825   0.5240  -1.4825   0.5240
  6.6430   2.5500  -1.4825   0.5362  -1.4825   0.5362
  6.8802   2.5500  -1.4827   0.5462  -1.4827   0.5462
  7.1175   2.5500  -1.5208   0.5476  -1.5208   0.5476
  7.3548   2.5500  -1.5163   0.5377  -1.5163   0.5377
  7.5920   2.5500  -1.5117   0.5258  -1.5117   0.5258
  7.8292   2.5500  -1.5072   0.5115  -1.5072   0.5115
  8.0665   2.5500  -1.5030   0.4938  -1.5030   0.4938
  8.3038   2.5500  -1.4995   0.4719  -1.4995   0.4719
  8.5410   2.5500  -1.4969   0.4443  -1.4969   0.4443
  8.7782   2.5500  -1.4956   0.4088  -1.4956   0.4088
  9.0155   2.5500  -1.4955   0.3626  -1.4955   0.3626
  9.2528   2.5500  -1.4965   0.3048  -1.4965   0.3048
  9.4900   2.5500  -1.4974   0.2647  -1.4974   0.2647
  0.0000   2.7000  -1.3427   0.2258  -1.3427   0.2258
  0.2372   2.7000  -1.3107   0.2878  -1.2970   0.2568
  0.4745   2.7000  -1.2634   0.3572  -1.4085   0.3026
  0.7118   2.7000  -1.4481   0.3580  -1.8344   0.2930
  0.9490   2.7000  -1.5117   0.3582  -2.2561   0.2214
  1.1862   2.7000  -1.6571   0.3563  -2.4916   0.1791
  1.4235   2.7000  -1.6310   0.3194  -2.3761   0.1635
  1.6608   2.7000  -1.5022   0.3051  -2.1934   0.1671
  1.8980   2.7000  -1.3957   0.3114  -1.9938   0.2126
  2.1353   2.7000  -1.2767   0.3035  -1.5221   0.2625
  2.3725   2.7000  -1.1467   0.2622  -1.2236   0.2371
  2.6098   2.7000  -1.0514   0.2301  -1.3216   0.1992
  2.8470   2.7000  -1.0864   0.3040  -1.0864   0.3040
  3.0842   2.7000  -1.1247   0.3689  -1.1247   0.3689
  3.3215   2.7000  -1.1549   0.4151  -1.1549   0.4151
  3.5587   2.7000  -1.2298   0.3887  -1.2298   0.3887
  3.7960   2.7000  -1.3791   0.4105  -1.3791   0.4105
  4.0332   2.7000  -1.3442   0.3604  -1.3442   0.3604
  4.2705   2.7000  -1.2995   0.2819  -1.2995   0.2819
  4.5078   2.7000  -1.2430   0.1022  -1.2430   0.1022
  4.7450   2.7000  -1.2865   0.2536  -1.2865   0.2536
  4.9823   2.7000  -1.3340   0.3444  -1.3340   0.3444
  5.2195   2.7000  -1.3712   0.3996  -1.3712   0.3996
  5.4567   2.7000  -1.4000   0.4384  -1.4000   0.4384
  5.6940   2.7000  -1.4223   0.4674  -1.4223   0.4674
  5.9313   2.7000  -1.4395   0.4900  -1.4395   0.4900
  6.1685   2.7000  -1.4528   0.5080  -1.4528   0.5080
  6.4057   2.7000  -1.4632   0.5225  -1.4632   0.5225
  6.6430   2.7000  -1.4712   0.5344  -1.4712   0.5344
  6.8802   2.7000  -1.4776   0.5443  -1.4776   0.5443
  7.1175   2.7000  -1.5249   0.5475  -1.5249   0.5475
  7.3548   2.7000  -1.5187   0.5376  -1.5187   0.5376
  7.5920   2.7000  -1.5120   0.5257  -1.5120   0.5257
  7.8292   2.7000  -1.5050   0.5113  -1.5050   0.5113
  8.0665   2.7000  -1.4978   0.4936  -1.4978   0.4936
  8.3038   2.7000  -1.4909   0.4717  -1.4909   0.4717
  8.5410   2.7000  -1.4850   0.4441  -1.4850   0.4441
  8.7782   2.7000  -1.4810   0.4086  -1.4810   0.4086
  9.0155   2.7000  -1.4802   0.3625  -1.4802   0.3625
  9.2528   2.7000  -1.4831   0.3047  -1.4831   0.3047
  9.4900   2.7000  -1.4863   0.2647  -1.4863   0.2647
  0.0000   2.8500  -1.2787   0.2258  -1.2787   0.2258
  0.2372   2.8500  -1.2869   0.2878  -1.3407   0.2566
  0.4745   2.8500  -1.2921   0.3573  -1.6782   0.2925
  0.7118   2.8500  -1.5721   0.3581  -1.9681   0.2923
  0.9490   2.8500  -1.6465   0.3578  -2.3602   0.2317
  1.1862   2.8500  -1.8407   0.3562  -2.6546   0.1891
  1.4235   2.8500  -1.8340   0.3193  -2.5634   0.1713
  1.6608   2.8500  -1.7955   0.3051  -2.4650   0.1771
  1.8980   2.8500  -1.7221   0.3114  -2.2757   0.2255
  2.1353   2.8500  -1.6638   0.3035  -1.8642   0.2646
  2.3725   2.8500  -1.5181   0.2622  -1.7020   0.2338
  2.6098   2.8500  -1.5038   0.2301  -1.7886   0.1972
  2.8470   2.8500  -1.4523   0.3040  -1.4523   0.3040
  3.0842   2.8500  -1.3973   0.3689  -1.3973   0.3689
  3.3215   2.8500  -1.3560   0.4152  -1.3560   0.4152
  3.5587   2.8500  -1.4275   0.3887  -1.4275   0.3887
  3.7960   2.8500  -1.4752   0.4105  -1.4752   0.4105
  4.0332   2.8500  -1.4693   0.3604  -1.4693   0.3604
  4.2705   2.8500  -1.4614   0.2819  -1.4614   0.2819
  4.5078   2.8500  -1.4512   0.1022  -1.4512   0.1022
  4.7450   2.8500  -1.4591   0.2536  -1.4591   0.2536
  4.9823   2.8500  -1.4675   0.3444  -1.4675   0.3444
  5.2195   2.8500  -1.4739   0.3997  -1.4739   0.3997
  5.4567   2.8500  -1.4787   0.4384  -1.4787   0.4384
  5.6940   2.8500  -1.4823   0.4675  -1.4823   0.4675
  5.9313   2.8500  -1.4852   0.4901  -1.4852   0.4901
  6.1685   2.8500  -1.4875   0.5081  -1.4875   0.5081
  6.4057   2.8500  -1.4895   0.5227  -1.4895   0.5227
  6.6430   2.8500  -1.4911   0.5346  -1.4911   0.5346
  6.8802   2.8500  -1.4926   0.5445  -1.4926   0.5445
  7.1175   2.8500  -1.5405   0.5477  -1.5405   0.5477
  7.3548   2.8500  -1.5325   0.5378  -1.5325   0.5378
  7.5920   2.8500  -1.5225   0.5259  -1.5225   0.5259
  7.8292   2.8500  -1.5101   0.5114  -1.5101   0.5114
  8.0665   2.8500  -1.4951   0.4937  -1.4951   0.4937
  8.3038   2.8500  -1.4768   0.4718  -1.4768   0.4718
  8.5410   2.8500  -1.4551   0.4441  -1.4551   0.4441
  8.7782   2.8500  -1.4296   0.4087  -1.4296   0.4087
  9.0155   2.8500  -1.4010   0.3625  -1.4010   0.3625
  9.2528   2.8500  -1.3723   0.3047  -1.3723   0.3047
  9.4900   2.8500  -1.3565   0.2647  -1.3565   0.2647
  0.0000   3.0000  -1.5218   0.2341  -1.5218   0.2341
  0.2372   3.0000  -1.4840   0.2982  -1.5029   0.2642
  0.4745   3.0000  -1.4257   0.3702  -1.8106   0.3018
  0.7118   3.0000  -1.7724   0.3632  -2.0599   0.3026
  0.9490   3.0000  -1.8729   0.3622  -2.4474   0.2719
  1.1862   3.0000  -2.0360   0.3595  -2.7831   0.2221
  1.4235   3.0000  -2.0840   0.3234  -2.7489   0.2049
  1.6608   3.0000  -1.9597   0.3086  -2.5773   0.2026
  1.8980   3.0000  -1.7819   0.3140  -2.2240   0.2512
  2.1353   3.0000  -1.5635   0.3052  -1.8256   0.2628
  2.3725   3.0000  -1.3332   0.2607  -1.6013   0.2266
  2.6098   3.0000  -1.1541   0.2310  -1.5229   0.1829
  2.8470   3.0000  -1.1868   0.3050  -1.1868   0.3050
  3.0842   3.0000  -1.2218   0.3698  -1.2218   0.3698
  3.3215   3.0000  -1.2482   0.4158  -1.2482   0.4158
  3.5587   3.0000  -1.4362   0.3894  -1.4362   0.3894
  3.7960   3.0000  -1.6008   0.4112  -1.6008   0.4112
  4.0332   3.0000  -1.6402   0.3610  -1.6402   0.3610
  4.2705   3.0000  -1.6928   0.2822  -1.6928   0.2822
  4.5078   3.0000  -1.7610   0.1022  -1.7610   0.1022
  4.7450   3.0000  -1.7083   0.2538  -1.7083   0.2538
  4.9823   3.0000  -1.6520   0.3449  -1.6520   0.3449
  5.2195   3.0000  -1.6096   0.4003  -1.6096   0.4003
  5.4567   3.0000  -1.5782   0.4392  -1.5782   0.4392
  5.6940   3.0000  -1.5553   0.4683  -1.5553   0.4683
  5.9313   3.0000  -1.5388   0.4910  -1.5388   0.4910
  6.1685   3.0000  -1.5269   0.5091  -1.5269   0.5091
  6.4057   3.0000  -1.5186   0.5237  -1.5186   0.5237
  6.6430   3.0000  -1.5127   0.5357  -1.5127   0.5357
  6.8802   3.0000  -1.5086   0.5455  -1.5086   0.5455
  7.1175   3.0000  -1.5771   0.5457  -1.5771   0.5457
  7.3548   3.0000  -1.5797   0.5361  -1.5797   0.5361
  7.5920   3.0000  -1.5817   0.5246  -1.5817   0.5246
  7.8292   3.0000  -1.5825   0.5105  -1.5825   0.5105
  8.0665   3.0000  -1.5820   0.4933  -1.5820   0.4933
  8.3038   3.0000  -1.5799   0.4717  -1.5799   0.4717
  8.5410   3.0000  -1.5758   0.4446  -1.5758   0.4446
  8.7782   3.0000  -1.5696   0.4096  -1.5696   0.4096
  9.0155   3.0000  -1.5617   0.3640  -1.5617   0.3640
  9.2528   3.0000  -1.5531   0.3064  -1.5531   0.3064
  9.4900   3.0000  -1.5482   0.2665  -1.5482   0.2665
  0.0000   3.1500  -1.2442   0.5074  -1.2442   0.5074
  0.2372   3.1500  -1.2416   0.5089  -1.3881   0.3830
  0.4745   3.1500  -1.2342   0.5132  -1.8466   0.3742
  0.7118   3.1500  -1.4632   0.4359  -1.8599   0.3428
  0.9490   3.1500  -1.5874   0.4089  -2.1782   0.3087
  1.1862   3.1500  -1.6209   0.3749  -2.3954   0.2319
  1.4235   3.1500  -1.5814   0.3295  -2.2503   0.2113
  1.6608   3.1500  -1.4868   0.3060  -2.0921   0.2035
  1.8980   3.1500  -1.4283   0.3113  -1.8010   0.2582
  2.1353   3.1500  -1.3879   0.3016  -1.7152   0.2550
  2.3725   3.1500  -1.3563   0.2421  -1.6192   0.2109
  2.6098   3.1500  -1.3329   0.1785  -1.5838   0.1510
  2.8470   3.1500  -1.3226   0.2942  -1.3226   0.2942
  3.0842   3.1500  -1.3170   0.3666  -1.3170   0.3666
  3.3215   3.1500  -1.3167   0.4148  -1.3167   0.4148
  3.5587   3.1500  -1.3506   0.3907  -1.3506   0.3907
  3.7960   3.1500  -1.4424   0.4173  -1.4424   0.4173
  4.0332   3.1500  -1.4146   0.3661  -1.4146   0.3661
  4.2705   3.1500  -1.3772   0.2885  -1.3772   0.2885
  4.5078   3.1500  -1.3369   0.1716  -1.3369   0.1716
  4.7450   3.1500  -1.3663   0.2623  -1.3663   0.2623
  4.9823   3.1500  -1.4062   0.3499  -1.4062   0.3499
  5.2195   3.1500  -1.4363   0.4062  -1.4363   0.4062
  5.4567   3.1500  -1.4580   0.4458  -1.4580   0.4458
  5.6940   3.1500  -1.4735   0.4751  -1.4735   0.4751
  5.9313   3.1500  -1.4846   0.4976  -1.4846   0.4976
  6.1685   3.1500  -1.4927   0.5151  -1.4927   0.5151
  6.4057   3.1500  -1.4986   0.5291  -1.4986   0.5291
  6.6430   3.1500  -1.5030   0.5403  -1.5030   0.5403
  6.8802   3.1500  -1.5064   0.5495  -1.5064   0.5495
  7.1175   3.1500  -1.6677   0.5474  -1.6677   0.5474
  7.3548   3.1500  -1.6877   0.5378  -1.6877   0.5378
  7.5920   3.1500  -1.7103   0.5262  -1.7103   0.5262
  7.8292   3.1500  -1.7353   0.5119  -1.7353   0.5119
  8.0665   3.1500  -1.7626   0.4942  -1.7626   0.4942
  8.3038   3.1500  -1.7916   0.4721  -1.7916   0.4721
  8.5410   3.1500  -1.8212   0.4441  -1.8212   0.4441
  8.7782   3.1500  -1.8494   0.4076  -1.8494   0.4076
  9.0155   3.1500  -1.8730   0.3581  -1.8730   0.3581
  9.2528   3.1500  -1.8882   0.2888  -1.8882   0.2888
  9.4900   3.1500  -1.8929   0.2258  -1.8929   0.2258
  0.0000   3.3000  -1.1245   0.5420  -1.1245   0.5420
  0.2372   3.3000  -1.1245   0.5425  -1.4662   0.3958
  0.4745   3.3000  -1.1248   0.5439  -1.7368   0.3897
  0.7118   3.3000  -1.2875   0.5135  -1.9366   0.3719
  0.9490   3.3000  -1.4263   0.5093  -2.1359   0.3643
  1.1862   3.3000  -1.7126   0.5210  -2.6993   0.3285
  1.4235   3.3000  -1.7078   0.5185  -2.6971   0.3255
  1.6608   3.3000  -1.4657   0.4347  -2.3498   0.2677
  1.8980   3.3000  -1.3860   0.3984  -1.8602   0.3142
  2.1353   3.3000  -1.3301   0.3443  -1.7717   0.2771
  2.3725   3.3000  -1.2911   0.2557  -1.6090   0.2166
  2.6098   3.3000  -1.2746   0.1816  -1.5523   0.1488
  2.8470   3.3000  -1.2775   0.3004  -1.2775   0.3004
  3.0842   3.3000  -1.2792   0.3757  -1.2792   0.3757
  3.3215   3.3000  -1.2796   0.4254  -1.2796   0.4254
  3.5587   3.3000  -1.3494   0.4306  -1.3494   0.4306
  3.7960   3.3000  -1.4355   0.4964  -1.4355   0.4964
  4.0332   3.3000  -1.4291   0.4864  -1.4291   0.4864
  4.2705   3.3000  -1.4244   0.4790  -1.4244   0.4790
  4.5078   3.3000  -1.4223   0.4759  -1.4223   0.4759
  4.7450   3.3000  -1.4236   0.4778  -1.4236   0.4778
  4.9823   3.3000  -1.4278   0.4843  -1.4278   0.4843
  5.2195   3.3000  -1.4338   0.4938  -1.4338   0.4938
  5.4567   3.3000  -1.4406   0.5046  -1.4406   0.5046
  5.6940   3.3000  -1.4471   0.5156  -1.4471   0.5156
  5.9313   3.3000  -1.4528   0.5260  -1.4528   0.5260
  6.1685   3.3000  -1.4574   0.5354  -1.4574   0.5354
  6.4057   3.3000  -1.4609   0.5437  -1.4609   0.5437
  6.6430   3.3000  -1.4635   0.5510  -1.4635   0.5510
  6.8802   3.3000  -1.4651   0.5575  -1.4651   0.5575
  7.1175   3.3000  -1.7089   0.5538  -1.7089   0.5538
  7.3548   3.3000  -1.7396   0.5453  -1.7396   0.5453
  7.5920   3.3000  -1.7756   0.5349  -1.7756   0.5349
  7.8292   3.3000  -1.8175   0.5219  -1.8175   0.5219
  8.0665   3.3000  -1.8663   0.5056  -1.8663   0.5056
  8.3038   3.3000  -1.9232   0.4848  -1.9232   0.4848
  8.5410   3.3000  -1.9892   0.4577  -1.9892   0.4577
  8.7782   3.3000  -2.0653   0.4214  -2.0653   0.4214
  9.0155   3.3000  -2.1520   0.3709  -2.1520   0.3709
  9.2528   3.3000  -2.2453   0.2991  -2.2453   0.2991
  9.4900   3.3000  -2.3064   0.2341  -2.3064   0.2341
  0.0000   3.4500  -0.9793   0.4860  -0.9793   0.4860
  0.2372   3.4500  -0.9825   0.4885  -1.5229   0.3651
  0.4745   3.4500  -0.9913   0.4952  -1.6474   0.3607
  0.7118   3.4500  -1.1668   0.4924  -1.9550   0.3432
  0.9490   3.4500  -1.3132   0.4998  -2.0182   0.3588
  1.1862   3.4500  -1.7579   0.5418  -2.6266   0.3664
  1.4235   3.4500  -1.7556   0.5406  -2.5728   0.3721
  1.6608   3.4500  -1.5491   0.5006  -2.4729   0.3245
  1.8980   3.4500  -1.5146   0.4954  -2.1490   0.3626
  2.1353   3.4500  -1.4332   0.4913  -2.1790   0.3484
  2.3725   3.4500  -1.3648   0.4876  -2.2978   0.3101
  2.6098   3.4500  -1.2900   0.5012  -2.4600   0.2436
  2.8470   3.4500  -1.2901   0.5037  -1.2901   0.5037
  3.0842   3.4500  -1.2903   0.5092  -1.2903   0.5092
  3.3215   3.4500  -1.2905   0.5166  -1.2905   0.5166
  3.5587   3.4500  -1.4465   0.4793  -1.4465   0.4793
  3.7960   3.4500  -1.5334   0.5040  -1.5334   0.5040
  4.0332   3.4500  -1.5370   0.4960  -1.5370   0.4960
  4.2705   3.4500  -1.5396   0.4903  -1.5396   0.4903
  4.5078   3.4500  -1.5407   0.4879  -1.5407   0.4879
  4.7450   3.4500  -1.5400   0.4894  -1.5400   0.4894
  4.9823   3.4500  -1.5378   0.4943  -1.5378   0.4943
  5.2195   3.4500  -1.5343   0.5019  -1.5343   0.5019
  5.4567   3.4500  -1.5302   0.5108  -1.5302   0.5108
  5.6940   3.4500  -1.5259   0.5201  -1.5259   0.5201
  5.9313   3.4500  -1.5217   0.5292  -1.5217   0.5292
  6.1685   3.4500  -1.5178   0.5377  -1.5178   0.5377
  6.4057   3.4500  -1.5143   0.5454  -1.5143   0.5454
  6.6430   3.4500  -1.5112   0.5523  -1.5112   0.5523
  6.8802   3.4500  -1.5085   0.5584  -1.5085   0.5584
  7.1175   3.4500  -1.6791   0.5656  -1.6791   0.5656
  7.3548   3.4500  -1.6990   0.5606  -1.6990   0.5606
  7.5920   3.4500  -1.7209   0.5551  -1.7209   0.5551
  7.8292   3.4500  -1.7447   0.5489  -1.7447   0.5489
  8.0665   3.4500  -1.7700   0.5420  -1.7700   0.5420
  8.3038   3.4500  -1.7959   0.5346  -1.7959   0.5346
  8.5410   3.4500  -1.8214   0.5270  -1.8214   0.5270
  8.7782   3.4500  -1.8448   0.5196  -1.8448   0.5196
  9.0155   3.4500  -1.8640   0.5133  -1.8640   0.5133
  9.2528   3.4500  -1.8767   0.5090  -1.8767   0.5090
  9.4900   3.4500  -1.8812   0.5074  -1.8812   0.5074
  0.0000   3.6000  -0.7879   0.1668  -0.7879   0.1668
  0.2372   3.6000  -0.8428   0.2759  -1.2032   0.2291
  0.4745   3.6000  -0.9038   0.3586  -1.4620   0.2717
  0.7118   3.6000  -1.1005   0.3897  -1.8065   0.2697
  0.9490   3.6000  -1.2322   0.4144  -1.8635   0.3071
  1.1862   3.6000  -1.6894   0.4761  -2.3902   0.3437
  1.4235   3.6000  -1.6845   0.4686  -2.2587   0.3515
  1.6608   3.6000  -1.6667   0.4677  -2.3922   0.3342
  1.8980   3.6000  -1.5984   0.4640  -2.3399   0.3290
  2.1353   3.6000  -1.4731   0.4738  -2.2558   0.3298
  2.3725   3.6000  -1.4736   0.4840  -2.5561   0.2572
  2.6098   3.6000  -1.3315   0.5423  -2.5074   0.2957
  2.8470   3.6000  -1.3314   0.5430  -1.3314   0.5430
  3.0842   3.6000  -1.3310   0.5446  -1.3310   0.5446
  3.3215   3.6000  -1.3305   0.5470  -1.3305   0.5470
  3.5587   3.6000  -1.5451   0.4472  -1.5451   0.4472
  3.7960   3.6000  -1.5970   0.4213  -1.5970   0.4213
  4.0332   3.6000  -1.6208   0.3703  -1.6208   0.3703
  4.2705   3.6000  -1.6481   0.2923  -1.6481   0.2923
  4.5078   3.6000  -1.6737   0.1740  -1.6737   0.1740
  4.7450   3.6000  -1.6552   0.2658  -1.6552   0.2658
  4.9823   3.6000  -1.6273   0.3541  -1.6273   0.3541
  5.2195   3.6000  -1.6026   0.4103  -1.6026   0.4103
  5.4567   3.6000  -1.5813   0.4494  -1.5813   0.4494
  5.6940   3.6000  -1.5630   0.4781  -1.5630   0.4781
  5.9313   3.6000  -1.5475   0.5000  -1.5475   0.5000
  6.1685   3.6000  -1.5345   0.5170  -1.5345   0.5170
  6.4057   3.6000  -1.5236   0.5306  -1.5236   0.5306
  6.6430   3.6000  -1.5145   0.5415  -1.5145   0.5415
  6.8802   3.6000  -1.5069   0.5505  -1.5069   0.5505
  7.1175   3.6000  -1.6015   0.5705  -1.6015   0.5705
  7.3548   3.6000  -1.6081   0.5671  -1.6081   0.5671
  7.5920   3.6000  -1.6151   0.5636  -1.6151   0.5636
  7.8292   3.6000  -1.6221   0.5599  -1.6221   0.5599
  8.0665   3.6000  -1.6291   0.5561  -1.6291   0.5561
  8.3038   3.6000  -1.6357   0.5525  -1.6357   0.5525
  8.5410   3.6000  -1.6418   0.5491  -1.6418   0.5491
  8.7782   3.6000  -1.6469   0.5462  -1.6469   0.5462
  9.0155   3.6000  -1.6509   0.5439  -1.6509   0.5439
  9.2528   3.6000  -1.6534   0.5425  -1.6534   0.5425
  9.4900   3.6000  -1.6542   0.5420  -1.6542   0.5420
  0.0000   3.7500  -1.2869   0.0000  -1.2869   0.0000
  0.2372   3.7500  -1.1877   0.2687  -1.5157   0.2270
  0.4745   3.7500  -1.1217   0.3532  -1.6922   0.2643
  0.7118   3.7500  -1.3382   0.3559  -1.9551   0.2568
  0.9490   3.7500  -1.4056   0.3534  -1.9497   0.2695
  1.1862   3.7500  -1.6662   0.3434  -2.1081   0.2763
  1.4235   3.7500  -1.6447   0.2838  -1.8501   0.2496
  1.6608   3.7500  -1.6222   0.2700  -1.8909   0.2344
  1.8980   3.7500  -1.6038   0.3213  -2.0640   0.2549
  2.1353   3.7500  -1.5656   0.3708  -2.2469   0.2562
  2.3725   3.7500  -1.5330   0.4071  -2.4561   0.2163
  2.6098   3.7500  -1.3943   0.4941  -2.5201   0.2529
  2.8470   3.7500  -1.3937   0.4970  -1.3937   0.4970
  3.0842   3.7500  -1.3925   0.5034  -1.3925   0.5034
  3.3215   3.7500  -1.3910   0.5118  -1.3910   0.5118
  3.5587   3.7500  -1.5034   0.4269  -1.5034   0.4269
  3.7960   3.7500  -1.5422   0.4129  -1.5422   0.4129
  4.0332   3.7500  -1.5492   0.3655  -1.5492   0.3655
  4.2705   3.7500  -1.5558   0.2988  -1.5558   0.2988
  4.5078   3.7500  -1.5602   0.2283  -1.5602   0.2283
  4.7450   3.7500  -1.5573   0.2787  -1.5573   0.2787
  4.9823   3.7500  -1.5509   0.3509  -1.5509   0.3509
  5.2195   3.7500  -1.5439   0.4024  -1.5439   0.4024
  5.4567   3.7500  -1.5372   0.4401  -1.5372   0.4401
  5.6940   3.7500  -1.5311   0.4688  -1.5311   0.4688
  5.9313   3.7500  -1.5259   0.4914  -1.5259   0.4914
  6.1685   3.7500  -1.5214   0.5094  -1.5214   0.5094
  6.4057   3.7500  -1.5178   0.5240  -1.5178   0.5240
  6.6430   3.7500  -1.5148   0.5360  -1.5148   0.5360
  6.8802   3.7500  -1.5124   0.5458  -1.5124   0.5458
  7.1175   3.7500  -1.5214   0.5632  -1.5214   0.5632
  7.3548   3.7500  -1.5179   0.5576  -1.5179   0.5576
  7.5920   3.7500  -1.5141   0.5511  -1.5141   0.5511
  7.8292   3.7500  -1.5101   0.5436  -1.5101   0.5436
  8.0665   3.7500  -1.5059   0.5350  -1.5059   0.5350
  8.3038   3.7500  -1.5018   0.5255  -1.5018   0.5255
  8.5410   3.7500  -1.4980   0.5152  -1.4980   0.5152
  8.7782   3.7500  -1.4948   0.5047  -1.4948   0.5047
  9.0155   3.7500  -1.4922   0.4953  -1.4922   0.4953
  9.2528   3.7500  -1.4906   0.4886  -1.4906   0.4886
  9.4900   3.7500  -1.4900   0.4860  -1.4900   0.4860
  0.0000   3.9000  -0.4750   0.0000  -0.4750   0.0000
  0.2372   3.9000  -0.6150   0.2684  -1.0438   0.2095
  0.4745   3.9000  -0.7250   0.3526  -1.4183   0.2320
  0.7118   3.9000  -1.1399   0.3554  -1.8236   0.2383
  0.9490   3.9000  -1.3106   0.3530  -1.9458   0.2493
  1.1862   3.9000  -1.7694   0.3423  -2.1803   0.2789
  1.4235   3.9000  -1.7636   0.2837  -1.8760   0.2527
  1.6608   3.9000  -1.7099   0.2646  -1.8978   0.2354
  1.8980   3.9000  -1.6282   0.2930  -2.0254   0.2392
  2.1353   3.9000  -1.5476   0.2930  -2.1034   0.2036
  2.3725   3.9000  -1.4736   0.2319  -1.9065   0.1665
  2.6098   3.9000  -1.4060   0.1305  -1.5744   0.1145
  2.8470   3.9000  -1.3850   0.2936  -1.3850   0.2936
  3.0842   3.9000  -1.3698   0.3718  -1.3698   0.3718
  3.3215   3.9000  -1.3592   0.4225  -1.3592   0.4225
  3.5587   3.9000  -1.3930   0.3911  -1.3930   0.3911
  3.7960   3.9000  -1.4343   0.4117  -1.4343   0.4117
  4.0332   3.9000  -1.4184   0.3643  -1.4184   0.3643
  4.2705   3.9000  -1.4021   0.2977  -1.4021   0.2977
  4.5078   3.9000  -1.3905   0.2274  -1.3905   0.2274
  4.7450   3.9000  -1.3983   0.2777  -1.3983   0.2777
  4.9823   3.9000  -1.4143   0.3497  -1.4143   0.3497
  5.2195   3.9000  -1.4304   0.4012  -1.4304   0.4012
  5.4567   3.9000  -1.4456   0.4389  -1.4456   0.4389
  5.6940   3.9000  -1.4594   0.4676  -1.4594   0.4676
  5.9313   3.9000  -1.4717   0.4901  -1.4717   0.4901
  6.1685   3.9000  -1.4826   0.5081  -1.4826   0.5081
  6.4057   3.9000  -1.4921   0.5227  -1.4921   0.5227
  6.6430   3.9000  -1.5003   0.5346  -1.5003   0.5346
  6.8802   3.9000  -1.5073   0.5445  -1.5073   0.5445
  7.1175   3.9000  -1.4337   0.5518  -1.4337   0.5518
  7.3548   3.9000  -1.4210   0.5429  -1.4210   0.5429
  7.5920   3.9000  -1.4067   0.5319  -1.4067   0.5319
  7.8292   3.9000  -1.3908   0.5182  -1.3908   0.5182
  8.0665   3.9000  -1.3734   0.5010  -1.3734   0.5010
  8.3038   3.9000  -1.3551   0.4791  -1.3551   0.4791
  8.5410   3.9000  -1.3366   0.4505  -1.3366   0.4505
  8.7782   3.9000  -1.3195   0.4123  -1.3195   0.4123
  9.0155   3.9000  -1.3057   0.3586  -1.3057   0.3586
  9.2528   3.9000  -1.2976   0.2766  -1.2976   0.2766
  9.4900   3.9000  -1.2964   0.1665  -1.2964   0.1665
  0.0000   4.0500  -1.0620   0.0000  -1.0620   0.0000
  0.2372   4.0500  -1.0379   0.2685  -1.4249   0.2178
  0.4745   4.0500  -1.0254   0.3527  -1.6988   0.2384
  0.7118   4.0500  -1.4308   0.3554  -2.1092   0.2399
  0.9490   4.0500  -1.5572   0.3530  -2.1941   0.2489
  1.1862   4.0500  -1.9069   0.3422  -2.2725   0.2831
  1.4235   4.0500  -1.8889   0.2837  -1.9680   0.2533
  1.6608   4.0500  -1.7916   0.2646  -1.9604   0.2363
  1.8980   4.0500  -1.6590   0.2929  -2.0610   0.2383
  2.1353   4.0500  -1.5125   0.2927  -2.0121   0.2189
  2.3725   4.0500  -1.3493   0.2316  -1.7278   0.1813
  2.6098   4.0500  -1.2169   0.1302  -1.4202   0.1071
  2.8470   4.0500  -1.2514   0.2901  -1.2514   0.2901
  3.0842   4.0500  -1.2789   0.3653  -1.2789   0.3653
  3.3215   4.0500  -1.3007   0.4141  -1.3007   0.4141
  3.5587   4.0500  -1.3071   0.3887  -1.3071   0.3887
  3.7960   4.0500  -1.3789   0.4116  -1.3789   0.4116
  4.0332   4.0500  -1.3580   0.3643  -1.3580   0.3643
  4.2705   4.0500  -1.3353   0.2977  -1.3353   0.2977
  4.5078   4.0500  -1.3183   0.2274  -1.3183   0.2274
  4.7450   4.0500  -1.3298   0.2777  -1.3298   0.2777
  4.9823   4.0500  -1.3524   0.3497  -1.3524   0.3497
  5.2195   4.0500  -1.3739   0.4012  -1.3739   0.4012
  5.4567   4.0500  -1.3928   0.4388  -1.3928   0.4388
  5.6940   4.0500  -1.4088   0.4675  -1.4088   0.4675
  5.9313   4.0500  -1.4222   0.4900  -1.4222   0.4900
  6.1685   4.0500  -1.4333   0.5080  -1.4333   0.5080
  6.4057   4.0500  -1.4425   0.5225  -1.4425   0.5225
  6.6430   4.0500  -1.4499   0.5344  -1.4499   0.5344
  6.8802   4.0500  -1.4560   0.5443  -1.4560   0.5443
  7.1175   4.0500  -1.3876   0.5468  -1.3876   0.5468
  7.3548   4.0500  -1.3713   0.5372  -1.3713   0.5372
  7.5920   4.0500  -1.3520   0.5255  -1.3520   0.5255
  7.8292   4.0500  -1.3292   0.5112  -1.3292   0.5112
  8.0665   4.0500  -1.3022   0.4935  -1.3022   0.4935
  8.3038   4.0500  -1.2700   0.4714  -1.2700   0.4714
  8.5410   4.0500  -1.2315   0.4432  -1.2315   0.4432
  8.7782   4.0500  -1.1853   0.4062  -1.1853   0.4062
  9.0155   4.0500  -1.1297   0.3546  -1.1297   0.3546
  9.2528   4.0500  -1.0638   0.2752  -1.0638   0.2752
  9.4900   4.0500  -1.0066   0.1665  -1.0066   0.1665
  0.0000   4.2000  -1.2869   0.0000  -1.2869   0.0000
  0.2372   4.2000  -1.2670   0.2687  -1.6702   0.2151
  0.4745   4.2000  -1.2469   0.3532  -1.9509   0.2292
  0.7118   4.2000  -1.7592   0.3556  -2.4069   0.2488
  0.9490   4.2000  -1.9377   0.3541  -2.5116   0.2646
  1.1862   4.2000  -2.2851   0.3424  -2.5237   0.2906
  1.4235   4.2000  -2.3472   0.2838  -2.3160   0.2538
  1.6608   4.2000  -2.3586   0.2712  -2.4113   0.2442
  1.8980   4.2000  -2.0550   0.2930  -2.3703   0.2491
  2.1353   4.2000  -1.8044   0.2927  -2.2320   0.2340
  2.3725   4.2000  -1.5597   0.2316  -1.9055   0.1884
  2.6098   4.2000  -1.3692   0.1302  -1.5805   0.1052
  2.8470   4.2000  -1.3713   0.2901  -1.3713   0.2901
  3.0842   4.2000  -1.3741   0.3652  -1.3741   0.3652
  3.3215   4.2000  -1.3774   0.4138  -1.3774   0.4138
  3.5587   4.2000  -1.4192   0.3889  -1.4192   0.3889
  3.7960   4.2000  -1.4789   0.4122  -1.4789   0.4122
  4.0332   4.2000  -1.4804   0.3646  -1.4804   0.3646
  4.2705   4.2000  -1.4847   0.2978  -1.4847   0.2978
  4.5078   4.2000  -1.4895   0.2274  -1.4895   0.2274
  4.7450   4.2000  -1.4861   0.2777  -1.4861   0.2777
  4.9823   4.2000  -1.4812   0.3500  -1.4812   0.3500
  5.2195   4.2000  -1.4791   0.4017  -1.4791   0.4017
  5.4567   4.2000  -1.4792   0.4395  -1.4792   0.4395
  5.6940   4.2000  -1.4809   0.4684  -1.4809   0.4684
  5.9313   4.2000  -1.4833   0.4911  -1.4833   0.4911
  6.1685   4.2000  -1.4862   0.5092  -1.4862   0.5092
  6.4057   4.2000  -1.4892   0.5240  -1.4892   0.5240
  6.6430   4.2000  -1.4921   0.5361  -1.4921   0.5361
  6.8802   4.2000  -1.4948   0.5462  -1.4948   0.5462
  7.1175   4.2000  -1.4117   0.5454  -1.4117   0.5454
  7.3548   4.2000  -1.4028   0.5358  -1.4028   0.5358
  7.5920   4.2000  -1.3933   0.5243  -1.3933   0.5243
  7.8292   4.2000  -1.3836   0.5101  -1.3836   0.5101
  8.0665   4.2000  -1.3742   0.4927  -1.3742   0.4927
  8.3038   4.2000  -1.3657   0.4708  -1.3657   0.4708
  8.5410   4.2000  -1.3594   0.4429  -1.3594   0.4429
  8.7782   4.2000  -1.3569   0.4060  -1.3569   0.4060
  9.0155   4.2000  -1.3601   0.3545  -1.3601   0.3545
  9.2528   4.2000  -1.3709   0.2752  -1.3709   0.2752
  9.4900   4.2000  -1.3849   0.1665  -1.3849   0.1665
  0.0000   4.3500  -1.4080   0.1668  -1.4080   0.1668
  0.2372   4.3500  -1.3875   0.2747  -1.8644   0.2048
  0.4745   4.3500  -1.3596   0.3547  -2.1390   0.2025
  0.7118   4.3500  -1.7410   0.3566  -2.4018   0.2463
  0.9490   4.3500  -1.8864   0.3564  -2.4394   0.2706
  1.1862   4.3500  -2.0940   0.3440  -2.3236   0.2920
  1.4235   4.3500  -2.1051   0.2856  -2.0821   0.2551
  1.6608   4.3500  -2.1069   0.2730  -2.1609   0.2456
  1.8980   4.3500  -1.9206   0.2941  -2.2146   0.2519
  2.1353   4.3500  -1.7779   0.2933  -2.2254   0.2309
  2.3725   4.3500  -1.6286   0.2325  -2.0194   0.1792
  2.6098   4.3500  -1.5268   0.1302  -1.7327   0.1066
  2.8470   4.3500  -1.5134   0.2904  -1.5134   0.2904
  3.0842   4.3500  -1.5029   0.3659  -1.5029   0.3659
  3.3215   4.3500  -1.4949   0.4147  -1.4949   0.4147
  3.5587   4.3500  -1.5299   0.3899  -1.5299   0.3899
  3.7960   4.3500  -1.5445   0.4144  -1.5445   0.4144
  4.0332   4.3500  -1.5518   0.3699  -1.5518   0.3699
  4.2705   4.3500  -1.5591   0.3133  -1.5591   0.3133
  4.5078   4.3500  -1.5637   0.2673  -1.5637   0.2673
  4.7450   4.3500  -1.5607   0.2984  -1.5607   0.2984
  4.9823   4.3500  -1.5536   0.3569  -1.5536   0.3569
  5.2195   4.3500  -1.5463   0.4044  -1.5463   0.4044
  5.4567   4.3500  -1.5396   0.4407  -1.5396   0.4407
  5.6940   4.3500  -1.5340   0.4690  -1.5340   0.4690
  5.9313   4.3500  -1.5293   0.4914  -1.5293   0.4914
  6.1685   4.3500  -1.5256   0.5094  -1.5256   0.5094
  6.4057   4.3500  -1.5226   0.5241  -1.5226   0.5241
  6.6430   4.3500  -1.5202   0.5362  -1.5202   0.5362
  6.8802   4.3500  -1.5184   0.5463  -1.5184   0.5463
  7.1175   4.3500  -1.3475   0.5477  -1.3475   0.5477
  7.3548   4.3500  -1.3522   0.5379  -1.3522   0.5379
  7.5920   4.3500  -1.3575   0.5260  -1.3575   0.5260
  7.8292   4.3500  -1.3637   0.5116  -1.3637   0.5116
  8.0665   4.3500  -1.3706   0.4940  -1.3706   0.4940
  8.3038   4.3500  -1.3783   0.4720  -1.3783   0.4720
  8.5410   4.3500  -1.3863   0.4440  -1.3863   0.4440
  8.7782   4.3500  -1.3945   0.4070  -1.3945   0.4070
  9.0155   4.3500  -1.4023   0.3554  -1.4023   0.3554
  9.2528   4.3500  -1.4090   0.2758  -1.4090   0.2758
  9.4900   4.3500  -1.4131   0.1668  -1.4131   0.1668
  0.0000   4.5000  -1.4191   0.1665  -1.4191   0.1665
  0.2372   4.5000  -1.4118   0.2741  -1.8334   0.2169
  0.4745   4.5000  -1.3993   0.3540  -2.0303   0.2514
  0.7118   4.5000  -1.6917   0.3551  -2.1248   0.2865
  0.9490   4.5000  -1.8000   0.3536  -2.1563   0.2921
  1.1862   4.5000  -1.9829   0.3353  -2.0520   0.2894
  1.4235   4.5000  -1.9644   0.2588  -1.8149   0.2326
  1.6608   4.5000  -1.9599   0.2379  -1.9108   0.2185
  1.8980   4.5000  -1.8203   0.2839  -1.9615   0.2521
  2.1353   4.5000  -1.7243   0.2918  -2.0310   0.2489
  2.3725   4.5000  -1.5262   0.2523  -1.9873   0.1830
  2.6098   4.5000  -1.5290   0.1789  -1.8734   0.1266
  2.8470   4.5000  -1.5239   0.2946  -1.5239   0.2946
  3.0842   4.5000  -1.5177   0.3671  -1.5177   0.3671
  3.3215   4.5000  -1.5116   0.4151  -1.5116   0.4151
  3.5587   4.5000  -1.5464   0.3895  -1.5464   0.3895
  3.7960   4.5000  -1.5518   0.4131  -1.5518   0.4131
  4.0332   4.5000  -1.5528   0.3684  -1.5528   0.3684
  4.2705   4.5000  -1.5516   0.3116  -1.5516   0.3116
  4.5078   4.5000  -1.5498   0.2655  -1.5498   0.2655
  4.7450   4.5000  -1.5511   0.2966  -1.5511   0.2966
  4.9823   4.5000  -1.5527   0.3553  -1.5527   0.3553
  5.2195   4.5000  -1.5523   0.4031  -1.5523   0.4031
  5.4567   4.5000  -1.5498   0.4398  -1.5498   0.4398
  5.6940   4.5000  -1.5462   0.4683  -1.5462   0.4683
  5.9313   4.5000  -1.5419   0.4909  -1.5419   0.4909
  6.1685   4.5000  -1.5374   0.5091  -1.5374   0.5091
  6.4057   4.5000  -1.5331   0.5239  -1.5331   0.5239
  6.6430   4.5000  -1.5291   0.5361  -1.5291   0.5361
  6.8802   4.5000  -1.5254   0.5463  -1.5254   0.5463
  7.1175   4.5000  -1.3588   0.5476  -1.3588   0.5476
  7.3548   4.5000  -1.3660   0.5377  -1.3660   0.5377
  7.5920   4.5000  -1.3743   0.5259  -1.3743   0.5259
  7.8292   4.5000  -1.3838   0.5115  -1.3838   0.5115
  8.0665   4.5000  -1.3945   0.4939  -1.3945   0.4939
  8.3038   4.5000  -1.4059   0.4718  -1.4059   0.4718
  8.5410   4.5000  -1.4176   0.4437  -1.4176   0.4437
  8.7782   4.5000  -1.4286   0.4065  -1.4286   0.4065
  9.0155   4.5000  -1.4379   0.3540  -1.4379   0.3540
  9.2528   4.5000  -1.4439   0.2700  -1.4439   0.2700
  9.4900   4.5000  -1.4454   0.0311  -1.4454   0.0311
  0.0000   4.6500  -1.4195   0.1664  -1.4195   0.1664
  0.2372   4.6500  -1.3880   0.2741  -1.7082   0.2327
  0.4745   4.6500  -1.3547   0.3540  -1.7033   0.2929
  0.7118   4.6500  -1.6659   0.3551  -1.7575   0.3020
  0.9490   4.6500  -1.8259   0.3534  -1.8782   0.3012
  1.1862   4.6500  -2.0326   0.3352  -1.8662   0.2878
  1.4235   4.6500  -2.0597   0.2588  -1.7304   0.2178
  1.6608   4.6500  -2.0660   0.2379  -1.8759   0.2135
  1.8980   4.6500  -1.8755   0.2838  -1.8189   0.2536
  2.1353   4.6500  -1.7332   0.2916  -1.8330   0.2587
  2.3725   4.6500  -1.4802   0.2518  -1.9219   0.1880
  2.6098   4.6500  -1.4850   0.1785  -1.8245   0.1279
  2.8470   4.6500  -1.4769   0.2940  -1.4769   0.2940
  3.0842   4.6500  -1.4709   0.3663  -1.4709   0.3663
  3.3215   4.6500  -1.4678   0.4144  -1.4678   0.4144
  3.5587   4.6500  -1.5324   0.3892  -1.5324   0.3892
  3.7960   4.6500  -1.5886   0.4131  -1.5886   0.4131
  4.0332   4.6500  -1.6018   0.3684  -1.6018   0.3684
  4.2705   4.6500  -1.6173   0.3116  -1.6173   0.3116
  4.5078   4.6500  -1.6281   0.2655  -1.6281   0.2655
  4.7450   4.6500  -1.6210   0.2966  -1.6210   0.2966
  4.9823   4.6500  -1.6055   0.3553  -1.6055   0.3553
  5.2195   4.6500  -1.5916   0.4030  -1.5916   0.4030
  5.4567   4.6500  -1.5806   0.4397  -1.5806   0.4397
  5.6940   4.6500  -1.5724   0.4683  -1.5724   0.4683
  5.9313   4.6500  -1.5663   0.4909  -1.5663   0.4909
  6.1685   4.6500  -1.5619   0.5091  -1.5619   0.5091
  6.4057   4.6500  -1.5587   0.5239  -1.5587   0.5239
  6.6430   4.6500  -1.5564   0.5361  -1.5564   0.5361
  6.8802   4.6500  -1.5548   0.5462  -1.5548   0.5462
  7.1175   4.6500  -1.3579   0.5475  -1.3579   0.5475
  7.3548   4.6500  -1.3611   0.5376  -1.3611   0.5376
  7.5920   4.6500  -1.3658   0.5257  -1.3658   0.5257
  7.8292   4.6500  -1.3724   0.5113  -1.3724   0.5113
  8.0665   4.6500  -1.3817   0.4936  -1.3817   0.4936
  8.3038   4.6500  -1.3944   0.4714  -1.3944   0.4714
  8.5410   4.6500  -1.4117   0.4432  -1.4117   0.4432
  8.7782   4.6500  -1.4349   0.4059  -1.4349   0.4059
  9.0155   4.6500  -1.4659   0.3535  -1.4659   0.3535
  9.2528   4.6500  -1.5064   0.2697  -1.5064   0.2697
  9.4900   4.6500  -1.5583   0.0311  -1.5583   0.0311
  0.0000   4.8000  -0.9206   0.1664  -0.9206   0.1664
  0.2372   4.8000  -0.9784   0.2741  -1.1445   0.2439
  0.4745   4.8000  -1.0477   0.3540  -1.0286   0.3017
  0.7118   4.8000  -1.3218   0.3551  -1.1324   0.3004
  0.9490   4.8000  -1.4711   0.3534  -1.1964   0.2966
  1.1862   4.8000  -1.7866   0.3352  -1.3770   0.2734
  1.4235   4.8000  -1.7572   0.2588  -1.3272   0.1989
  1.6608   4.8000  -1.7513   0.2379  -1.4793   0.2061
  1.8980   4.8000  -1.5887   0.2838  -1.3754   0.2492
  2.1353   4.8000  -1.4871   0.2916  -1.4012   0.2589
  2.3725   4.8000  -1.3107   0.2518  -1.6303   0.2127
  2.6098   4.8000  -1.2932   0.1785  -1.6269   0.1298
  2.8470   4.8000  -1.3244   0.2940  -1.3244   0.2940
  3.0842   4.8000  -1.3550   0.3663  -1.3550   0.3663
  3.3215   4.8000  -1.3811   0.4144  -1.3811   0.4144
  3.5587   4.8000  -1.4216   0.3893  -1.4216   0.3893
  3.7960   4.8000  -1.5271   0.4133  -1.5271   0.4133
  4.0332   4.8000  -1.5152   0.3685  -1.5152   0.3685
  4.2705   4.8000  -1.5025   0.3116  -1.5025   0.3116
  4.5078   4.8000  -1.4940   0.2655  -1.4940   0.2655
  4.7450   4.8000  -1.4996   0.2967  -1.4996   0.2967
  4.9823   4.8000  -1.5121   0.3554  -1.5121   0.3554
  5.2195   4.8000  -1.5243   0.4032  -1.5243   0.4032
  5.4567   4.8000  -1.5351   0.4400  -1.5351   0.4400
  5.6940   4.8000  -1.5448   0.4685  -1.5448   0.4685
  5.9313   4.8000  -1.5534   0.4911  -1.5534   0.4911
  6.1685   4.8000  -1.5612   0.5093  -1.5612   0.5093
  6.4057   4.8000  -1.5682   0.5240  -1.5682   0.5240
  6.6430   4.8000  -1.5745   0.5362  -1.5745   0.5362
  6.8802   4.8000  -1.5801   0.5463  -1.5801   0.5463
  7.1175   4.8000  -1.3805   0.5475  -1.3805   0.5475
  7.3548   4.8000  -1.3656   0.5376  -1.3656   0.5376
  7.5920   4.8000  -1.3487   0.5257  -1.3487   0.5257
  7.8292   4.8000  -1.3295   0.5113  -1.3295   0.5113
  8.0665   4.8000  -1.3080   0.4936  -1.3080   0.4936
  8.3038   4.8000  -1.2840   0.4714  -1.2840   0.4714
  8.5410   4.8000  -1.2572   0.4432  -1.2572   0.4432
  8.7782   4.8000  -1.2274   0.4059  -1.2274   0.4059
  9.0155   4.8000  -1.1944   0.3535  -1.1944   0.3535
  9.2528   4.8000  -1.1580   0.2697  -1.1580   0.2697
  9.4900   4.8000  -1.1177   0.0311  -1.1177   0.0311
  0.0000   4.9500  -1.0585   0.1664  -1.0585   0.1664
  0.2372   4.9500  -1.1046   0.2742  -1.1824   0.2462
  0.4745   4.9500  -1.1630   0.3543  -0.9349   0.2989
  0.7118   4.9500  -1.3245   0.3556  -0.9584   0.2928
  0.9490   4.9500  -1.4409   0.3541  -0.9607   0.2801
  1.1862   4.9500  -1.6711   0.3363  -1.1281   0.2537
  1.4235   4.9500  -1.6310   0.2598  -1.1564   0.1881
  1.6608   4.9500  -1.6233   0.2389  -1.3121   0.2017
  1.8980   4.9500  -1.5270   0.2843  -1.2281   0.2435
  2.1353   4.9500  -1.4794   0.2919  -1.2926   0.2565
  2.3725   4.9500  -1.4125   0.2518  -1.6139   0.2244
  2.6098   4.9500  -1.4070   0.1785  -1.7099   0.1391
  2.8470   4.9500  -1.4179   0.2942  -1.4179   0.2942
  3.0842   4.9500  -1.4337   0.3666  -1.4337   0.3666
  3.3215   4.9500  -1.4521   0.4148  -1.4521   0.4148
  3.5587   4.9500  -1.4165   0.3905  -1.4165   0.3905
  3.7960   4.9500  -1.5143   0.4161  -1.5143   0.4161
  4.0332   4.9500  -1.4857   0.3748  -1.4857   0.3748
  4.2705   4.9500  -1.4606   0.3273  -1.4606   0.3273
  4.5078   4.9500  -1.4474   0.2952  -1.4474   0.2952
  4.7450   4.9500  -1.4557   0.3161  -1.4557   0.3161
  4.9823   4.9500  -1.4789   0.3633  -1.4789   0.3633
  5.2195   4.9500  -1.5070   0.4066  -1.5070   0.4066
  5.4567   4.9500  -1.5358   0.4415  -1.5358   0.4415
  5.6940   4.9500  -1.5632   0.4693  -1.5632   0.4693
  5.9313   4.9500  -1.5884   0.4915  -1.5884   0.4915
  6.1685   4.9500  -1.6111   0.5095  -1.6111   0.5095
  6.4057   4.9500  -1.6312   0.5242  -1.6312   0.5242
  6.6430   4.9500  -1.6489   0.5363  -1.6489   0.5363
  6.8802   4.9500  -1.6643   0.5464  -1.6643   0.5464
  7.1175   4.9500  -1.3607   0.5476  -1.3607   0.5476
  7.3548   4.9500  -1.3393   0.5377  -1.3393   0.5377
  7.5920   4.9500  -1.3141   0.5259  -1.3141   0.5259
  7.8292   4.9500  -1.2850   0.5115  -1.2850   0.5115
  8.0665   4.9500  -1.2513   0.4939  -1.2513   0.4939
  8.3038   4.9500  -1.2129   0.4718  -1.2129   0.4718
  8.5410   4.9500  -1.1696   0.4437  -1.1696   0.4437
  8.7782   4.9500  -1.1216   0.4065  -1.1216   0.4065
  9.0155   4.9500  -1.0693   0.3540  -1.0693   0.3540
  9.2528   4.9500  -1.0132   0.2700  -1.0132   0.2700
  9.4900   4.9500  -0.9536   0.0311  -0.9536   0.0311
  0.0000   5.1000  -1.7274   0.2267  -1.7274   0.2267
  0.2372   5.1000  -1.7050   0.2889  -1.7856   0.2571
  0.4745   5.1000  -1.6726   0.3584  -1.4015   0.3001
  0.7118   5.1000  -1.7414   0.3562  -1.2824   0.2845
  0.9490   5.1000  -1.7928   0.3530  -1.2113   0.2619
  1.1862   5.1000  -1.7974   0.3301  -1.2082   0.2366
  1.4235   5.1000  -1.7272   0.2338  -1.3228   0.1771
  1.6608   5.1000  -1.7073   0.1966  -1.4841   0.1735
  1.8980   5.1000  -1.6408   0.2775  -1.3436   0.2380
  2.1353   5.1000  -1.6056   0.2942  -1.4194   0.2583
  2.3725   5.1000  -1.5335   0.2721  -1.6949   0.2425
  2.6098   5.1000  -1.5237   0.2310  -1.9195   0.1762
  2.8470   5.1000  -1.5430   0.3051  -1.5430   0.3051
  3.0842   5.1000  -1.5664   0.3699  -1.5664   0.3699
  3.3215   5.1000  -1.5871   0.4161  -1.5871   0.4161
  3.5587   5.1000  -1.5515   0.3903  -1.5515   0.3903
  3.7960   5.1000  -1.6118   0.4145  -1.6118   0.4145
  4.0332   5.1000  -1.5863   0.3727  -1.5863   0.3727
  4.2705   5.1000  -1.5636   0.3247  -1.5636   0.3247
  4.5078   5.1000  -1.5515   0.2923  -1.5515   0.2923
  4.7450   5.1000  -1.5591   0.3134  -1.5591   0.3134
  4.9823   5.1000  -1.5802   0.3610  -1.5802   0.3610
  5.2195   5.1000  -1.6054   0.4049  -1.6054   0.4049
  5.4567   5.1000  -1.6306   0.4403  -1.6306   0.4403
  5.6940   5.1000  -1.6542   0.4685  -1.6542   0.4685
  5.9313   5.1000  -1.6755   0.4910  -1.6755   0.4910
  6.1685   5.1000  -1.6944   0.5092  -1.6944   0.5092
  6.4057   5.1000  -1.7109   0.5239  -1.7109   0.5239
  6.6430   5.1000  -1.7253   0.5361  -1.7253   0.5361
  6.8802   5.1000  -1.7378   0.5463  -1.7378   0.5463
  7.1175   5.1000  -1.4079   0.5475  -1.4079   0.5475
  7.3548   5.1000  -1.3954   0.5377  -1.3954   0.5377
  7.5920   5.1000  -1.3808   0.5258  -1.3808   0.5258
  7.8292   5.1000  -1.3639   0.5115  -1.3639   0.5115
  8.0665   5.1000  -1.3446   0.4939  -1.3446   0.4939
  8.3038   5.1000  -1.3227   0.4719  -1.3227   0.4719
  8.5410   5.1000  -1.2983   0.4439  -1.2983   0.4439
  8.7782   5.1000  -1.2714   0.4070  -1.2714   0.4070
  9.0155   5.1000  -1.2425   0.3554  -1.2425   0.3554
  9.2528   5.1000  -1.2123   0.2758  -1.2123   0.2758
  9.4900   5.1000  -1.1889   0.1668  -1.1889   0.1668
  0.0000   5.2500  -2.0170   0.2258  -2.0170   0.2258
  0.2372   5.2500  -1.9822   0.2879  -2.1675   0.2536
  0.4745   5.2500  -1.9252   0.3573  -1.7897   0.3029
  0.7118   5.2500  -2.1940   0.3556  -1.7064   0.2803
  0.9490   5.2500  -2.2801   0.3528  -1.6423   0.2484
  1.1862   5.2500  -2.3884   0.3298  -1.7344   0.2170
  1.4235   5.2500  -2.4682   0.2337  -2.0434   0.1712
  1.6608   5.2500  -2.4907   0.1966  -2.2096   0.1644
  1.8980   5.2500  -2.2933   0.2773  -1.9111   0.2270
  2.1353   5.2500  -2.1386   0.2937  -1.9575   0.2581
  2.3725   5.2500  -1.8595   0.2711  -2.0147   0.2419
  2.6098   5.2500  -1.8731   0.2301  -2.1852   0.1931
  2.8470   5.2500  -1.8468   0.3040  -1.8468   0.3040
  3.0842   5.2500  -1.8174   0.3689  -1.8174   0.3689
  3.3215   5.2500  -1.7936   0.4152  -1.7936   0.4152
  3.5587   5.2500  -1.8259   0.3899  -1.8259   0.3899
  3.7960   5.2500  -1.8283   0.4145  -1.8283   0.4145
  4.0332   5.2500  -1.8359   0.3727  -1.8359   0.3727
  4.2705   5.2500  -1.8454   0.3247  -1.8454   0.3247
  4.5078   5.2500  -1.8518   0.2923  -1.8518   0.2923
  4.7450   5.2500  -1.8477   0.3134  -1.8477   0.3134
  4.9823   5.2500  -1.8382   0.3610  -1.8382   0.3610
  5.2195   5.2500  -1.8300   0.4049  -1.8300   0.4049
  5.4567   5.2500  -1.8241   0.4403  -1.8241   0.4403
  5.6940   5.2500  -1.8203   0.4685  -1.8203   0.4685
  5.9313   5.2500  -1.8177   0.4910  -1.8177   0.4910
  6.1685   5.2500  -1.8159   0.5091  -1.8159   0.5091
  6.4057   5.2500  -1.8147   0.5239  -1.8147   0.5239
  6.6430   5.2500  -1.8136   0.5361  -1.8136   0.5361
  6.8802   5.2500  -1.8128   0.5462  -1.8128   0.5462
  7.1175   5.2500  -1.5010   0.5475  -1.5010   0.5475
  7.3548   5.2500  -1.5050   0.5376  -1.5050   0.5376
  7.5920   5.2500  -1.5099   0.5257  -1.5099   0.5257
  7.8292   5.2500  -1.5160   0.5113  -1.5160   0.5113
  8.0665   5.2500  -1.5234   0.4936  -1.5234   0.4936
  8.3038   5.2500  -1.5326   0.4715  -1.5326   0.4715
  8.5410   5.2500  -1.5439   0.4433  -1.5439   0.4433
  8.7782   5.2500  -1.5580   0.4063  -1.5580   0.4063
  9.0155   5.2500  -1.5755   0.3547  -1.5755   0.3547
  9.2528   5.2500  -1.5969   0.2753  -1.5969   0.2753
  9.4900   5.2500  -1.6160   0.1665  -1.6160   0.1665
  0.0000   5.4000  -1.8387   0.2258  -1.8387   0.2258
  0.2372   5.4000  -1.8351   0.2879  -2.1709   0.2427
  0.4745   5.4000  -1.8210   0.3573  -1.9042   0.3034
  0.7118   5.4000  -2.1235   0.3556  -1.7300   0.2906
  0.9490   5.4000  -2.2013   0.3503  -1.6224   0.2598
  1.1862   5.4000  -2.3556   0.3298  -1.7418   0.2296
  1.4235   5.4000  -2.3694   0.2337  -2.0059   0.1870
  1.6608   5.4000  -2.3344   0.1926  -2.0857   0.1659
  1.8980   5.4000  -2.2249   0.2772  -1.8775   0.2321
  2.1353   5.4000  -2.1080   0.2937  -2.0398   0.2607
  2.3725   5.4000  -1.9781   0.2574  -2.1365   0.2311
  2.6098   5.4000  -1.8757   0.2301  -2.1421   0.1996
  2.8470   5.4000  -1.8801   0.3040  -1.8801   0.3040
  3.0842   5.4000  -1.8795   0.3689  -1.8795   0.3689
  3.3215   5.4000  -1.8726   0.4152  -1.8726   0.4152
  3.5587   5.4000  -1.9878   0.3899  -1.9878   0.3899
  3.7960   5.4000  -2.0014   0.4145  -2.0014   0.4145
  4.0332   5.4000  -2.0128   0.3727  -2.0128   0.3727
  4.2705   5.4000  -2.0193   0.3247  -2.0193   0.3247
  4.5078   5.4000  -2.0211   0.2923  -2.0211   0.2923
  4.7450   5.4000  -2.0201   0.3134  -2.0201   0.3134
  4.9823   5.4000  -2.0150   0.3610  -2.0150   0.3610
  5.2195   5.4000  -2.0047   0.4049  -2.0047   0.4049
  5.4567   5.4000  -1.9905   0.4403  -1.9905   0.4403
  5.6940   5.4000  -1.9743   0.4685  -1.9743   0.4685
  5.9313   5.4000  -1.9573   0.4910  -1.9573   0.4910
  6.1685   5.4000  -1.9405   0.5092  -1.9405   0.5092
  6.4057   5.4000  -1.9245   0.5240  -1.9245   0.5240
  6.6430   5.4000  -1.9096   0.5362  -1.9096   0.5362
  6.8802   5.4000  -1.8961   0.5463  -1.8961   0.5463
  7.1175   5.4000  -1.5735   0.5476  -1.5735   0.5476
  7.3548   5.4000  -1.5898   0.5377  -1.5898   0.5377
  7.5920   5.4000  -1.6085   0.5258  -1.6085   0.5258
  7.8292   5.4000  -1.6300   0.5114  -1.6300   0.5114
  8.0665   5.4000  -1.6542   0.4936  -1.6542   0.4936
  8.3038   5.4000  -1.6811   0.4715  -1.6811   0.4715
  8.5410   5.4000  -1.7100   0.4433  -1.7100   0.4433
  8.7782   5.4000  -1.7402   0.4063  -1.7402   0.4063
  9.0155   5.4000  -1.7701   0.3547  -1.7701   0.3547
  9.2528   5.4000  -1.7981   0.2753  -1.7981   0.2753
  9.4900   5.4000  -1.8171   0.1665  -1.8171   0.1665
  0.0000   5.5500  -1.8770   0.2258  -1.8770   0.2258
  0.2372   5.5500  -1.8527   0.2879  -2.1310   0.2482
  0.4745   5.5500  -1.8125   0.3575  -1.9110   0.3034
  0.7118   5.5500  -2.1003   0.3559  -1.7169   0.2917
  0.9490   5.5500  -2.1580   0.3503  -1.5696   0.2578
  1.1862   5.5500  -2.3226   0.3305  -1.7573   0.2430
  1.4235   5.5500  -2.3273   0.2342  -2.0002   0.1946
  1.6608   5.5500  -2.3102   0.1928  -2.0867   0.1698
  1.8980   5.5500  -2.2593   0.2775  -1.9523   0.2370
  2.1353   5.5500  -2.2120   0.2938  -2.1296   0.2606
  2.3725   5.5500  -2.1535   0.2573  -2.1677   0.2339
  2.6098   5.5500  -2.1071   0.2294  -2.3118   0.2052
  2.8470   5.5500  -2.0666   0.3041  -2.0666   0.3041
  3.0842   5.5500  -2.0326   0.3691  -2.0326   0.3691
  3.3215   5.5500  -2.1707   0.3863  -2.1707   0.3863
  3.5587   5.5500  -2.1995   0.3901  -2.1995   0.3901
  3.7960   5.5500  -2.2396   0.3853  -2.2396   0.3853
  4.0332   5.5500  -2.2488   0.3728  -2.2488   0.3728
  4.2705   5.5500  -2.2969   0.3247  -2.2969   0.3247
  4.5078   5.5500  -2.3238   0.2923  -2.3238   0.2923
  4.7450   5.5500  -2.3067   0.3134  -2.3067   0.3134
  4.9823   5.5500  -2.2615   0.3611  -2.2615   0.3611
  5.2195   5.5500  -2.2105   0.4050  -2.2105   0.4050
  5.4567   5.5500  -2.1613   0.4406  -2.1613   0.4406
  5.6940   5.5500  -2.1162   0.4688  -2.1162   0.4688
  5.9313   5.5500  -2.0756   0.4913  -2.0756   0.4913
  6.1685   5.5500  -2.0395   0.5095  -2.0395   0.5095
  6.4057   5.5500  -2.0076   0.5243  -2.0076   0.5243
  6.6430   5.5500  -1.9796   0.5366  -1.9796   0.5366
  6.8802   5.5500  -1.9551   0.5467  -1.9551   0.5467
  7.1175   5.5500  -1.8569   0.5255  -1.8569   0.5255
  7.3548   5.5500  -1.6125   0.5382  -1.6125   0.5382
  7.5920   5.5500  -1.6339   0.5263  -1.6339   0.5263
  7.8292   5.5500  -1.6586   0.5118  -1.6586   0.5118
  8.0665   5.5500  -1.6869   0.4941  -1.6869   0.4941
  8.3038   5.5500  -1.7192   0.4720  -1.7192   0.4720
  8.5410   5.5500  -1.7559   0.4438  -1.7559   0.4438
  8.7782   5.5500  -1.7973   0.4067  -1.7973   0.4067
  9.0155   5.5500  -1.8437   0.3550  -1.8437   0.3550
  9.2528   5.5500  -1.8945   0.2754  -1.8945   0.2754
  9.4900   5.5500  -1.9358   0.1665  -1.9358   0.1665
  0.0000   5.7000  -1.7148   0.2665  -1.7148   0.2665
  0.2372   5.7000  -1.6972   0.3058  -2.0453   0.2563
  0.4745   5.7000  -1.8909   0.3407  -1.9841   0.2927
  0.7118   5.7000  -2.0347   0.3578  -1.6461   0.2926
  0.9490   5.7000  -2.1348   0.3504  -1.5290   0.2539
  1.1862   5.7000  -2.2733   0.3135  -1.7933   0.2443
  1.4235   5.7000  -2.4176   0.2217  -2.1331   0.1892
  1.6608   5.7000  -2.4180   0.1659  -2.2482   0.1502
  1.8980   5.7000  -2.3587   0.2763  -2.0718   0.2380
  2.1353   5.7000  -2.3057   0.2993  -2.2188   0.2645
  2.3725   5.7000  -2.2596   0.2781  -2.1705   0.2490
  2.6098   5.7000  -2.2059   0.2671  -2.4166   0.2362
  2.8470   5.7000  -2.1392   0.3183  -2.1392   0.3183
  3.0842   5.7000  -2.0864   0.3741  -2.0864   0.3741
  3.3215   5.7000  -2.2072   0.3836  -2.2072   0.3836
  3.5587   5.7000  -2.2146   0.3921  -2.2146   0.3921
  3.7960   5.7000  -2.2489   0.3854  -2.2489   0.3854
  4.0332   5.7000  -2.2172   0.3795  -2.2172   0.3795
  4.2705   5.7000  -2.2507   0.3390  -2.2507   0.3390
  4.5078   5.7000  -2.2667   0.3149  -2.2667   0.3149
  4.7450   5.7000  -2.2568   0.3303  -2.2568   0.3303
  4.9823   5.7000  -2.2266   0.3692  -2.2266   0.3692
  5.2195   5.7000  -2.1870   0.4089  -2.1870   0.4089
  5.4567   5.7000  -2.1451   0.4426  -2.1451   0.4426
  5.6940   5.7000  -2.1045   0.4701  -2.1045   0.4701
  5.9313   5.7000  -2.0669   0.4924  -2.0669   0.4924
  6.1685   5.7000  -2.0330   0.5106  -2.0330   0.5106
  6.4057   5.7000  -2.0029   0.5255  -2.0029   0.5255
  6.6430   5.7000  -1.9763   0.5378  -1.9763   0.5378
  6.8802   5.7000  -1.9033   0.5255  -1.9033   0.5255
  7.1175   5.7000  -1.8504   0.5212  -1.8504   0.5212
  7.3548   5.7000  -1.5745   0.5398  -1.5745   0.5398
  7.5920   5.7000  -1.5857   0.5278  -1.5857   0.5278
  7.8292   5.7000  -1.5974   0.5131  -1.5974   0.5131
  8.0665   5.7000  -1.6094   0.4952  -1.6094   0.4952
  8.3038   5.7000  -1.6211   0.4730  -1.6211   0.4730
  8.5410   5.7000  -1.6318   0.4449  -1.6318   0.4449
  8.7782   5.7000  -1.6401   0.4085  -1.6401   0.4085
  9.0155   5.7000  -1.6447   0.3591  -1.6447   0.3591
  9.2528   5.7000  -1.6442   0.2898  -1.6442   0.2898
  9.4900   5.7000  -1.6411   0.2268  -1.6411   0.2268
  0.0000   5.8500  -1.2204   0.2647  -1.2204   0.2647
  0.2372   5.8500  -1.2330   0.3041  -1.7334   0.2307
  0.4745   5.8500  -1.5144   0.3387  -1.7302   0.2889
  0.7118   5.8500  -1.6705   0.3581  -1.3314   0.2964
  0.9490   5.8500  -1.8330   0.3514  -1.2580   0.2617
  1.1862   5.8500  -2.0277   0.3135  -1.6172   0.2554
  1.4235   5.8500  -2.2664   0.2234  -2.0101   0.1947
  1.6608   5.8500  -2.2310   0.1660  -2.0711   0.1513
  1.8980   5.8500  -2.1134   0.2763  -1.8899   0.2427
  2.1353   5.8500  -1.9919   0.2987  -1.9975   0.2646
  2.3725   5.8500  -1.8754   0.2769  -1.8184   0.2485
  2.6098   5.8500  -1.7989   0.2654  -2.0406   0.2328
  2.8470   5.8500  -1.7855   0.3172  -1.7855   0.3172
  3.0842   5.8500  -1.7951   0.3750  -1.7951   0.3750
  3.3215   5.8500  -1.8896   0.3833  -1.8896   0.3833
  3.5587   5.8500  -1.9207   0.3919  -1.9207   0.3919
  3.7960   5.8500  -1.9357   0.3840  -1.9357   0.3840
  4.0332   5.8500  -1.9672   0.3778  -1.9672   0.3778
  4.2705   5.8500  -1.9668   0.3355  -1.9668   0.3355
  4.5078   5.8500  -1.9653   0.3107  -1.9653   0.3107
  4.7450   5.8500  -1.9663   0.3265  -1.9663   0.3265
  4.9823   5.8500  -1.9674   0.3670  -1.9674   0.3670
  5.2195   5.8500  -1.9652   0.4089  -1.9652   0.4089
  5.4567   5.8500  -1.9595   0.4446  -1.9595   0.4446
  5.6940   5.8500  -1.9511   0.4736  -1.9511   0.4736
  5.9313   5.8500  -1.9411   0.4969  -1.9411   0.4969
  6.1685   5.8500  -1.9302   0.5156  -1.9302   0.5156
  6.4057   5.8500  -1.9191   0.5306  -1.9191   0.5306
  6.6430   5.8500  -1.9081   0.5429  -1.9081   0.5429
  6.8802   5.8500  -1.8124   0.5244  -1.8124   0.5244
  7.1175   5.8500  -1.7777   0.5238  -1.7777   0.5238
  7.3548   5.8500  -1.5287   0.5466  -1.5287   0.5466
  7.5920   5.8500  -1.5317   0.5349  -1.5317   0.5349
  7.8292   5.8500  -1.5343   0.5206  -1.5343   0.5206
  8.0665   5.8500  -1.5362   0.5027  -1.5362   0.5027
  8.3038   5.8500  -1.5374   0.4800  -1.5374   0.4800
  8.5410   5.8500  -1.5377   0.4509  -1.5377   0.4509
  8.7782   5.8500  -1.5370   0.4127  -1.5370   0.4127
  9.0155   5.8500  -1.5354   0.3610  -1.5354   0.3610
  9.2528   5.8500  -1.5332   0.2895  -1.5332   0.2895
  9.4900   5.8500  -1.5317   0.2258  -1.5317   0.2258
  0.0000   6.0000  -0.8789   0.2647  -0.8789   0.2647
  0.2372   6.0000  -0.9828   0.3017  -1.4576   0.2338
  0.4745   6.0000  -1.1108   0.3561  -1.3907   0.2982
  0.7118   6.0000  -1.2714   0.3972  -1.0399   0.3255
  0.9490   6.0000  -1.4016   0.4253  -0.7857   0.3179
  1.1862   6.0000  -1.5169   0.4446  -0.9994   0.3410
  1.4235   6.0000  -2.0245   0.4917  -1.3358   0.3554
  1.6608   6.0000  -2.0017   0.4846  -1.4010   0.3590
  1.8980   6.0000  -1.9646   0.4774  -1.6645   0.3673
  2.1353   6.0000  -1.9703   0.4736  -1.9952   0.3673
  2.3725   6.0000  -1.8677   0.4703  -1.9877   0.3655
  2.6098   6.0000  -1.8011   0.4712  -2.5536   0.3328
  2.8470   6.0000  -1.7505   0.4777  -1.7505   0.4777
  3.0842   6.0000  -1.7171   0.4645  -1.7171   0.4645
  3.3215   6.0000  -1.7731   0.4671  -1.7731   0.4671
  3.5587   6.0000  -1.8265   0.4668  -1.8265   0.4668
  3.7960   6.0000  -1.8003   0.4606  -1.8003   0.4606
  4.0332   6.0000  -1.7904   0.4515  -1.7904   0.4515
  4.2705   6.0000  -1.8339   0.4545  -1.8339   0.4545
  4.5078   6.0000  -1.8322   0.4479  -1.8322   0.4479
  4.7450   6.0000  -1.8332   0.4519  -1.8332   0.4519
  4.9823   6.0000  -1.8365   0.4648  -1.8365   0.4648
  5.2195   6.0000  -1.8406   0.4819  -1.8406   0.4819
  5.4567   6.0000  -1.8445   0.4995  -1.8445   0.4995
  5.6940   6.0000  -1.8473   0.5156  -1.8473   0.5156
  5.9313   6.0000  -1.8489   0.5296  -1.8489   0.5296
  6.1685   6.0000  -1.8494   0.5415  -1.8494   0.5415
  6.4057   6.0000  -1.8488   0.5514  -1.8488   0.5514
  6.6430   6.0000  -1.8474   0.5598  -1.8474   0.5598
  6.8802   6.0000  -1.7654   0.5428  -1.7654   0.5428
  7.1175   6.0000  -1.7266   0.5435  -1.7266   0.5435
  7.3548   6.0000  -1.5033   0.5653  -1.5033   0.5653
  7.5920   6.0000  -1.5040   0.5583  -1.5040   0.5583
  7.8292   6.0000  -1.5045   0.5502  -1.5045   0.5502
  8.0665   6.0000  -1.5048   0.5408  -1.5048   0.5408
  8.3038   6.0000  -1.5048   0.5301  -1.5048   0.5301
  8.5410   6.0000  -1.5046   0.5184  -1.5046   0.5184
  8.7782   6.0000  -1.5044   0.5063  -1.5044   0.5063
  9.0155   6.0000  -1.5040   0.4952  -1.5040   0.4952
  9.2528   6.0000  -1.5037   0.4871  -1.5037   0.4871
  9.4900   6.0000  -1.5036   0.4840  -1.5036   0.4840
